[Sat, 15 Dec 18 13:10:56 +0000][ERROR] Connection refused
[Sat, 15 Dec 18 13:12:10 +0000][ERROR] Connection refused
[Sat, 15 Dec 18 13:14:00 +0000][ERROR] Connection refused
[Sat, 15 Dec 18 13:14:36 +0000][ERROR] Connection refused
[Sat, 15 Dec 18 13:15:24 +0000][ERROR] Connection refused
[Sat, 15 Dec 18 13:18:26 +0000][ERROR] Connection refused
[Sat, 15 Dec 18 13:18:59 +0000][ERROR] Connection refused
[Sat, 15 Dec 18 13:19:25 +0000][ERROR] Connection refused
[Sat, 15 Dec 18 13:22:10 +0000][ERROR] Connection refused
[Sat, 15 Dec 18 13:26:34 +0000][ERROR] Too few arguments to function Shop_categories\Repositories\CategoryRepository::getParents(), 0 passed in /var/www/shop_categories/app/common/services/CategoryService.php on line 153 and at least 2 expected
[Sat, 15 Dec 18 13:41:46 +0000][ERROR] Column 'vendorID' doesn't belong to any of the selected models (1), when preparing: SELECT [Shop_categories\Models\Category].* FROM [Shop_categories\Models\Category] WHERE categoryParentId = :parentId: AND vendorID = :vendorId:
[Sat, 15 Dec 18 13:42:02 +0000][ERROR] Column 'categoryVendorID' doesn't belong to any of the selected models (1), when preparing: SELECT [Shop_categories\Models\Category].* FROM [Shop_categories\Models\Category] WHERE categoryParentId = :parentId: AND categoryVendorID = :vendorId:
[Sat, 15 Dec 18 13:42:09 +0000][ERROR] No categories found
[Sat, 15 Dec 18 13:42:20 +0000][ERROR] No categories found
[Sat, 15 Dec 18 13:42:39 +0000][ERROR] Column 'vendorId' doesn't belong to any of the selected models (1), when preparing: SELECT [Shop_categories\Models\Category].* FROM [Shop_categories\Models\Category] WHERE categoryParentId IS NULL AND vendorId = :vendorId:
[Sat, 15 Dec 18 13:42:47 +0000][ERROR] Return value of Shop_categories\Services\CategoryService::getRoots() must be of the type array, object returned
[Sat, 15 Dec 18 13:43:11 +0000][ERROR] Argument 1 passed to Shop_categories\Modules\Api\Controllers\ControllerBase::showPublicColumns() must be of the type array, object given, called in /var/www/shop_categories/app/modules/api/1.0/controllers/IndexController.php on line 54
[Sat, 15 Dec 18 14:11:37 +0000][ERROR] Return value of Shop_categories\Services\CategoryService::getAll() must be of the type array, object returned
[Sat, 15 Dec 18 14:52:40 +0000][ERROR] Unknown operator: 0
[Wed, 19 Dec 18 18:46:25 +0000][ERROR] Item not found or may be deleted
[Wed, 19 Dec 18 18:47:58 +0000][ERROR] Category not found
[Wed, 19 Dec 18 18:48:56 +0000][ERROR] Item not found or may be deleted
[Wed, 19 Dec 18 18:49:56 +0000][ERROR] Item not found or may be deleted
[Wed, 19 Dec 18 18:54:40 +0000][ERROR] Category not found
[Wed, 19 Dec 18 19:21:42 +0000][ERROR] Call to undefined method Phalcon\Mvc\Model\Resultset\Simple::save()
[Wed, 19 Dec 18 19:23:38 +0000][ERROR] Connection refused
[Wed, 19 Dec 18 19:41:13 +0000][ERROR] Invalidate cache: Connection refused
[Thu, 20 Dec 18 17:41:31 +0000][ERROR] Invalidate cache: Connection refused
[Thu, 20 Dec 18 17:43:07 +0000][ERROR] Invalid category name
[Thu, 20 Dec 18 17:43:19 +0000][ERROR] Category not found or maybe deleted
[Thu, 20 Dec 18 17:49:23 +0000][ERROR] Invalid category name
[Thu, 20 Dec 18 17:49:27 +0000][ERROR] Invalid category name
[Thu, 20 Dec 18 17:49:36 +0000][ERROR] Invalid category name
[Thu, 20 Dec 18 17:50:07 +0000][ERROR] Invalid category name
[Thu, 20 Dec 18 17:51:32 +0000][ERROR] Invalid category name
[Thu, 20 Dec 18 17:51:33 +0000][ERROR] Invalid category name
[Thu, 20 Dec 18 17:51:38 +0000][ERROR] Category name should be at least 3 characters
[Thu, 20 Dec 18 17:51:53 +0000][ERROR] Category name should be at least 3 characters
[Thu, 20 Dec 18 17:55:54 +0000][ERROR] Category name should be at least 3 characters
[Thu, 20 Dec 18 17:55:57 +0000][ERROR] Category not found or maybe deleted
[Thu, 20 Dec 18 17:56:09 +0000][ERROR] categoryUserId is required
[Thu, 20 Dec 18 17:56:51 +0000][ERROR] Invalidate cache: Connection refused
[Thu, 20 Dec 18 17:58:09 +0000][ERROR] Invalidate cache: Connection refused
[Thu, 20 Dec 18 17:59:00 +0000][ERROR] Invalidate cache: Connection refused
[Thu, 20 Dec 18 17:59:06 +0000][ERROR] Invalidate cache: Connection refused
[Fri, 21 Dec 18 12:49:57 +0000][ERROR] syntax error, unexpected '('
[Fri, 21 Dec 18 12:50:13 +0000][ERROR] syntax error, unexpected '('
[Fri, 21 Dec 18 12:50:22 +0000][ERROR] syntax error, unexpected '('
[Fri, 21 Dec 18 12:54:42 +0000][ERROR] syntax error, unexpected '('
[Fri, 21 Dec 18 12:55:28 +0000][ERROR] syntax error, unexpected '('
[Fri, 21 Dec 18 12:56:06 +0000][ERROR] syntax error, unexpected '('
[Fri, 21 Dec 18 12:56:35 +0000][ERROR] syntax error, unexpected '('
[Fri, 21 Dec 18 12:59:15 +0000][ERROR] syntax error, unexpected '('
[Fri, 21 Dec 18 12:59:25 +0000][ERROR] syntax error, unexpected '('
[Fri, 21 Dec 18 12:59:43 +0000][ERROR] syntax error, unexpected '('
[Fri, 21 Dec 18 13:00:18 +0000][ERROR] syntax error, unexpected '('
[Fri, 21 Dec 18 13:00:30 +0000][ERROR] syntax error, unexpected '('
[Fri, 21 Dec 18 13:01:07 +0000][ERROR] syntax error, unexpected '('
[Fri, 21 Dec 18 13:02:50 +0000][ERROR] syntax error, unexpected '('
[Fri, 21 Dec 18 13:03:26 +0000][ERROR] syntax error, unexpected '('
[Fri, 21 Dec 18 13:04:20 +0000][ERROR] syntax error, unexpected '('
[Fri, 21 Dec 18 13:04:56 +0000][ERROR] syntax error, unexpected '('
[Fri, 21 Dec 18 13:06:05 +0000][ERROR] syntax error, unexpected '('
[Fri, 21 Dec 18 13:06:08 +0000][ERROR] syntax error, unexpected '('
[Fri, 21 Dec 18 13:06:14 +0000][ERROR] syntax error, unexpected '('
[Fri, 21 Dec 18 13:06:43 +0000][ERROR] syntax error, unexpected '('
[Fri, 21 Dec 18 13:07:39 +0000][ERROR] syntax error, unexpected '('
[Fri, 21 Dec 18 13:07:54 +0000][ERROR] syntax error, unexpected '('
[Fri, 21 Dec 18 13:08:06 +0000][ERROR] syntax error, unexpected '('
[Fri, 21 Dec 18 13:09:46 +0000][ERROR] syntax error, unexpected '('
[Fri, 21 Dec 18 13:16:05 +0000][ERROR] syntax error, unexpected '('
[Fri, 21 Dec 18 13:30:15 +0000][ERROR] Class 'Shop_categories\Validators\ExistenceValidator' not found
[Fri, 21 Dec 18 13:30:43 +0000][ERROR] Class 'Phalcon\Validation\Validator\ExistenceValidator' not found
[Fri, 21 Dec 18 13:31:44 +0000][ERROR] Class name must be a valid object or a string
[Fri, 21 Dec 18 13:32:56 +0000][ERROR] Class name must be a valid object or a string
[Fri, 21 Dec 18 13:35:18 +0000][ERROR] SQLSTATE[HY093]: Invalid parameter number: number of bound variables does not match number of tokens
[Fri, 21 Dec 18 13:39:00 +0000][ERROR] The static method 'model' doesn't exist
[Fri, 21 Dec 18 14:09:26 +0000][ERROR] []
[Fri, 21 Dec 18 14:47:31 +0000][ERROR] []
[Fri, 21 Dec 18 14:48:36 +0000][ERROR] []
[Fri, 21 Dec 18 14:48:47 +0000][ERROR] []
[Fri, 21 Dec 18 15:54:57 +0000][ERROR] Category name should be at least 3 characters
[Fri, 21 Dec 18 15:55:05 +0000][ERROR] Invalid category name
[Fri, 21 Dec 18 15:56:07 +0000][ERROR] JSON property "vendorId" does not exist in object of type Shop_categories\RequestHandler\UpdateRequestHandler
[Fri, 21 Dec 18 16:15:42 +0000][ERROR] Maximum function nesting level of '256' reached, aborting!
[Fri, 21 Dec 18 16:15:52 +0000][ERROR] Maximum function nesting level of '256' reached, aborting!
[Fri, 21 Dec 18 16:16:37 +0000][ERROR] Maximum function nesting level of '256' reached, aborting!
[Fri, 21 Dec 18 16:16:55 +0000][ERROR] Maximum function nesting level of '256' reached, aborting!
[Fri, 21 Dec 18 16:17:30 +0000][ERROR] Maximum function nesting level of '256' reached, aborting!
[Fri, 21 Dec 18 18:08:51 +0000][ERROR] Item not found or maybe deleted
[Fri, 21 Dec 18 18:09:50 +0000][ERROR] Item not found or maybe deleted
[Fri, 21 Dec 18 18:33:15 +0000][ERROR] The method 'cascadeDelete' doesn't exist on model 'Shop_categories\Models\Category'
[Fri, 21 Dec 18 18:38:28 +0000][ERROR] Call to a member function delete() on null
[Fri, 21 Dec 18 18:38:59 +0000][ERROR] Return value of Shop_categories\models\BaseModel::model() must be an instance of Phalcon\Mvc\Model, null returned
[Fri, 21 Dec 18 18:41:55 +0000][ERROR] Category not found or maybe deleted
[Fri, 21 Dec 18 18:41:56 +0000][ERROR] Category not found or maybe deleted
[Fri, 21 Dec 18 19:01:18 +0000][ERROR] Category not found or maybe deleted
[Fri, 21 Dec 18 19:01:51 +0000][ERROR] Category not found or maybe deleted
[Fri, 21 Dec 18 19:02:24 +0000][ERROR] Category not found or maybe deleted
[Fri, 21 Dec 18 19:05:13 +0000][ERROR] SQLSTATE[HY093]: Invalid parameter number: number of bound variables does not match number of tokens
[Fri, 21 Dec 18 19:06:02 +0000][ERROR] SQLSTATE[HY093]: Invalid parameter number: number of bound variables does not match number of tokens
[Fri, 21 Dec 18 19:12:38 +0000][ERROR] Category not found or maybe deleted
[Fri, 21 Dec 18 19:26:26 +0000][ERROR] Category not found or maybe deleted
[Fri, 21 Dec 18 19:26:46 +0000][ERROR] Category not found or maybe deleted
[Sat, 22 Dec 18 10:00:46 +0000][ERROR] []
[Sat, 22 Dec 18 10:05:15 +0000][ERROR] SQLSTATE[23000]: Integrity constraint violation: 1452 Cannot add or update a child row: a foreign key constraint fails (`shop_categories`.`category`, CONSTRAINT `category_ids_fk` FOREIGN KEY (`category_id`) REFERENCES `category` (`category_parent_id`) ON DELETE CASCADE ON UPDATE CASCADE)
[Sat, 22 Dec 18 10:07:11 +0000][ERROR] Invalid category name
[Sat, 22 Dec 18 10:35:57 +0000][ERROR] SQLSTATE[HY000]: General error: 1442 Can't update table 'category' in stored function/trigger because it is already used by statement which invoked this stored function/trigger.
[Sat, 22 Dec 18 10:44:44 +0000][ERROR] SQLSTATE[HY000]: General error: 1442 Can't update table 'category' in stored function/trigger because it is already used by statement which invoked this stored function/trigger.
[Sat, 22 Dec 18 10:53:26 +0000][ERROR] Unknown operator: 
[Sat, 22 Dec 18 11:18:35 +0000][ERROR] No categories found
[Sat, 22 Dec 18 12:16:21 +0000][ERROR] Invalidate cache: Connection refused
[Sat, 22 Dec 18 12:34:09 +0000][ERROR] Call to undefined method Shop_categories\Repositories\CategoryRepository::getItems()
[Sat, 22 Dec 18 12:51:34 +0000][ERROR] No roots found
[Sat, 22 Dec 18 12:53:17 +0000][ERROR] No roots found
[Sat, 22 Dec 18 12:53:32 +0000][ERROR] No roots found
[Sat, 22 Dec 18 12:58:28 +0000][ERROR] No roots found
[Sat, 22 Dec 18 12:58:29 +0000][ERROR] No roots found
[Sat, 22 Dec 18 13:06:38 +0000][ERROR] Return value of Shop_categories\Services\CategoryService::getChildren() must be of the type array, object returned
[Sat, 22 Dec 18 13:10:30 +0000][ERROR] Model missing columnMap method
[Sat, 22 Dec 18 13:10:50 +0000][ERROR] Model missing columnMap method
[Sat, 22 Dec 18 13:11:04 +0000][ERROR] Model missing columnMap method
[Sat, 22 Dec 18 13:11:48 +0000][ERROR] Model missing columnMap method
[Sat, 22 Dec 18 13:12:55 +0000][ERROR] Model missing columnMap method
[Sat, 22 Dec 18 13:14:25 +0000][ERROR] Argument 2 passed to Shop_categories\DBTools\QueryBuilder::__construct() must be of the type array, null given, called in /var/www/shop_categories/app/common/models/behaviors/AdjacencyListModelBehavior.php on line 389
[Sat, 22 Dec 18 13:16:00 +0000][ERROR] SQLSTATE[42S22]: Column not found: 1054 Unknown column 'c4.isDeleted' in 'where clause'
[Sat, 22 Dec 18 13:18:25 +0000][ERROR] SQLSTATE[42S22]: Column not found: 1054 Unknown column 'c0.isDeleted' in 'where clause'
[Sat, 22 Dec 18 13:29:44 +0000][ERROR] Target parent should not be descendant of this category
[Sat, 22 Dec 18 15:50:59 +0000][ERROR] Return value of Shop_categories\Services\CategoryService::getCategory() must be of the type array, object returned
[Sat, 22 Dec 18 16:29:04 +0000][ERROR] Category not found or maybe deleted
[Sat, 22 Dec 18 16:30:48 +0000][ERROR] Category not found or maybe deleted
[Sun, 23 Dec 18 18:05:08 +0000][ERROR] SQLSTATE[42S22]: Column not found: 1054 Unknown column 'category_name' in 'field list'
[Sun, 23 Dec 18 18:05:44 +0000][ERROR] SQLSTATE[42S22]: Column not found: 1054 Unknown column 'category_name' in 'field list'
[Sun, 23 Dec 18 18:53:28 +0000][ERROR] SQLSTATE[22001]: String data, right truncated: 1406 Data too long for column 'action_data' at row 1
[Mon, 24 Dec 18 18:01:50 +0000][ERROR] Category name should be at least 3 characters
[Mon, 24 Dec 18 18:02:20 +0000][ERROR] Argument 2 passed to Shop_categories\Repositories\CategoryRepository::findById() must be of the type string, null given, called in /var/www/shop_categories/app/common/repositories/CategoryRepository.php on line 230
[Mon, 24 Dec 18 18:04:18 +0000][ERROR] Category not found or maybe deleted
[Mon, 24 Dec 18 18:08:18 +0000][ERROR] categoryName is required
[Mon, 24 Dec 18 18:08:41 +0000][ERROR] []
[Mon, 24 Dec 18 18:09:13 +0000][ERROR] []
[Mon, 24 Dec 18 18:09:37 +0000][ERROR] []
[Mon, 24 Dec 18 18:12:23 +0000][ERROR] []
[Mon, 24 Dec 18 18:14:56 +0000][ERROR] Parent category does not exist
[Mon, 24 Dec 18 18:16:34 +0000][ERROR] Target parent should not be descendant of this category
[Mon, 24 Dec 18 19:59:27 +0000][ERROR] Item not found or maybe deleted
[Mon, 24 Dec 18 19:59:35 +0000][ERROR] Category not found or maybe deleted
[Mon, 24 Dec 18 20:03:07 +0000][ERROR] Return value of Shop_categories\Models\Category::getCategoryOrder() must be of the type integer, null returned
[Mon, 24 Dec 18 20:03:30 +0000][ERROR] Return value of Shop_categories\Models\Category::getCategoryOrder() must be of the type integer, null returned
[Mon, 24 Dec 18 20:03:32 +0000][ERROR] Return value of Shop_categories\Models\Category::getCategoryOrder() must be of the type integer, null returned
[Mon, 24 Dec 18 20:04:57 +0000][ERROR] Return value of Shop_categories\Models\Category::getCategoryOrder() must be of the type integer, null returned
[Tue, 25 Dec 18 08:08:44 +0000][ERROR] Category not found or maybe deleted
[Tue, 25 Dec 18 08:09:21 +0000][ERROR] Category not found or maybe deleted
[Tue, 25 Dec 18 08:26:12 +0000][ERROR] Category name should be at least 3 characters
[Tue, 25 Dec 18 08:40:06 +0000][ERROR] Invalid category name
[Tue, 25 Dec 18 08:40:33 +0000][ERROR] Invalid category parent Id
[Tue, 25 Dec 18 08:43:20 +0000][ERROR] Item not found or maybe deleted
[Tue, 25 Dec 18 08:55:00 +0000][ERROR] Category order should be a number
[Tue, 25 Dec 18 08:57:43 +0000][ERROR] Category order should be a number
[Tue, 25 Dec 18 08:58:57 +0000][ERROR] Category order should be a number
[Tue, 25 Dec 18 08:58:58 +0000][ERROR] Category order should be a number
[Tue, 25 Dec 18 08:59:10 +0000][ERROR] Category name should be at least 3 characters
[Tue, 25 Dec 18 08:59:26 +0000][ERROR] Category name should be at least 3 characters\nInvalid parent category Id
[Tue, 25 Dec 18 08:59:46 +0000][ERROR] JsonMapper::map() requires first argument to be an object, NULL given.
[Tue, 25 Dec 18 08:59:57 +0000][ERROR] Category name should be at least 3 characters\nInvalid parent category Id\nCategory order should be a number
[Tue, 25 Dec 18 11:15:22 +0000][ERROR] Validator should extend \Phalcon\Validation\Validator class
[Tue, 25 Dec 18 11:21:58 +0000][ERROR] Parent category does not exist
[Tue, 25 Dec 18 11:22:17 +0000][ERROR] Parent category does not exist
[Tue, 25 Dec 18 11:23:36 +0000][ERROR] Parent category does not exist
[Tue, 25 Dec 18 11:26:42 +0000][ERROR] Invalid parent category Id
[Tue, 25 Dec 18 11:39:42 +0000][ERROR] Invalid category parent Id
[Tue, 25 Dec 18 11:39:53 +0000][ERROR] Invalid category parent Id\nCategory order should be a number
[Tue, 25 Dec 18 11:49:39 +0000][ERROR] Call to undefined method Shop_categories\Services\Cache\CategoryCache::getDI()
[Tue, 25 Dec 18 11:55:45 +0000][ERROR] Call to undefined method or service 'getConfig'
[Tue, 25 Dec 18 20:25:58 +0000][ERROR] Category name should be at least 3 characters\nInvalid parent category Id\nCategory order should be a number
[Tue, 25 Dec 18 20:26:17 +0000][ERROR] JsonMapper::map() requires first argument to be an object, NULL given.
[Tue, 25 Dec 18 20:26:21 +0000][ERROR] Invalid parent category Id\nCategory order should be a number
[Tue, 25 Dec 18 20:51:29 +0000][ERROR] Invalid category name
[Tue, 25 Dec 18 21:24:05 +0000][ERROR] Call to a member function map() on null
[Tue, 25 Dec 18 21:25:13 +0000][ERROR] Call to a member function uuid() on null
[Tue, 25 Dec 18 22:14:50 +0000][ERROR] Class 'Shop_categories\models\Attribute' not found
[Tue, 25 Dec 18 22:15:38 +0000][ERROR] Service 'collectionManager' wasn't found in the dependency injection container
[Tue, 25 Dec 18 22:23:12 +0000][ERROR] Service 'collectionManager' wasn't found in the dependency injection container
[Tue, 25 Dec 18 22:24:12 +0000][ERROR] Class 'MongoClient' not found
[Tue, 25 Dec 18 22:35:38 +0000][ERROR] Call to undefined method ::selectcollection()
[Tue, 25 Dec 18 22:39:47 +0000][ERROR] Class 'MongoClient' not found
[Wed, 26 Dec 18 17:22:48 +0000][ERROR] Class 'MongoClient' not found
[Wed, 26 Dec 18 17:23:22 +0000][ERROR] Class 'MongoClient' not found
[Wed, 26 Dec 18 17:33:58 +0000][ERROR] Service 'collectionManager' wasn't found in the dependency injection container
[Wed, 26 Dec 18 17:34:38 +0000][ERROR] Service 'collectionManager' wasn't found in the dependency injection container
[Wed, 26 Dec 18 17:41:15 +0000][ERROR] Return value of Shop_categories\Services\BaseService::getCategoryId() must be of the type string, null returned
[Wed, 26 Dec 18 17:47:19 +0000][ERROR] Return value of Shop_categories\Services\BaseService::getCategoryId() must be of the type string, null returned
[Wed, 26 Dec 18 17:50:19 +0000][ERROR] Return value of Shop_categories\Services\BaseService::getCategoryId() must be of the type string, null returned
[Wed, 26 Dec 18 18:00:05 +0000][ERROR] Argument 1 passed to Phalcon\Mvc\Collection::addBehavior() must implement interface Phalcon\Mvc\Collection\BehaviorInterface, instance of Phalcon\Mvc\Model\Behavior\SoftDelete given
[Wed, 26 Dec 18 18:12:36 +0000][ERROR] Use ModelBehaviorTrait only with Model and Collection models types
[Wed, 26 Dec 18 18:51:56 +0000][ERROR] Return value of Shop_categories\Services\BaseService::getCategoryId() must be of the type string, null returned
[Wed, 26 Dec 18 18:59:22 +0000][ERROR] Return value of Shop_categories\Services\BaseService::getCategoryId() must be of the type string, null returned
[Wed, 26 Dec 18 19:00:20 +0000][ERROR] Return value of Shop_categories\Services\BaseService::getCategoryId() must be of the type string, null returned
[Wed, 26 Dec 18 19:00:35 +0000][ERROR] Return value of Shop_categories\Services\BaseService::getCategoryId() must be of the type string, null returned
[Wed, 26 Dec 18 19:10:43 +0000][ERROR] Return value of Shop_categories\Services\BaseService::getCategoryId() must be of the type string, null returned
[Wed, 26 Dec 18 19:14:46 +0000][ERROR] Return value of Shop_categories\Repositories\AttributesRepository::create() must be an instance of Shop_categories\Models\Attribute, none returned
[Wed, 26 Dec 18 19:15:23 +0000][ERROR] Return value of Shop_categories\Services\BaseService::getCategoryId() must be of the type string, null returned
[Wed, 26 Dec 18 19:15:33 +0000][ERROR] Call to undefined method stdClass::save()
[Wed, 26 Dec 18 19:16:04 +0000][ERROR] Return value of Shop_categories\Repositories\AttributesRepository::create() must be an instance of Shop_categories\Models\Attribute, none returned
[Wed, 26 Dec 18 19:16:06 +0000][ERROR] Return value of Shop_categories\Repositories\AttributesRepository::create() must be an instance of Shop_categories\Models\Attribute, none returned
[Wed, 26 Dec 18 19:16:25 +0000][ERROR] The option 'value' is required
[Wed, 26 Dec 18 19:16:55 +0000][ERROR] Return value of Shop_categories\Repositories\AttributesRepository::create() must be an instance of Shop_categories\Models\Attribute, none returned
[Wed, 26 Dec 18 19:17:14 +0000][ERROR] Return value of Shop_categories\Repositories\AttributesRepository::create() must be an instance of Shop_categories\Models\Attribute, none returned
[Wed, 26 Dec 18 19:18:10 +0000][ERROR] Return value of Shop_categories\Repositories\AttributesRepository::create() must be an instance of Shop_categories\Models\Attribute, none returned
[Wed, 26 Dec 18 19:20:07 +0000][ERROR] The option 'value' is required
[Wed, 26 Dec 18 19:21:01 +0000][ERROR] Return value of Shop_categories\Repositories\AttributesRepository::create() must be an instance of Shop_categories\Models\Attribute, none returned
[Wed, 26 Dec 18 19:21:16 +0000][ERROR] Return value of Shop_categories\Repositories\AttributesRepository::create() must be an instance of Shop_categories\Models\Attribute, none returned
[Wed, 26 Dec 18 19:21:40 +0000][ERROR] Return value of Shop_categories\Repositories\AttributesRepository::create() must be an instance of Shop_categories\Models\Attribute, none returned
[Wed, 26 Dec 18 19:21:59 +0000][ERROR] Return value of Shop_categories\Repositories\AttributesRepository::create() must be an instance of Shop_categories\Models\Attribute, none returned
[Wed, 26 Dec 18 19:23:33 +0000][ERROR] Call to a member function delete() on boolean
[Wed, 26 Dec 18 19:27:09 +0000][ERROR] Argument 1 passed to Phalcon\Mvc\Collection::addBehavior() must implement interface Phalcon\Mvc\Collection\BehaviorInterface, instance of Phalcon\Mvc\Model\Behavior\Timestampable given
[Wed, 26 Dec 18 19:27:32 +0000][ERROR] Return value of Shop_categories\Services\BaseService::getCategoryId() must be of the type string, null returned
[Wed, 26 Dec 18 19:28:20 +0000][ERROR] Return value of Shop_categories\Services\BaseService::getCategoryId() must be of the type string, null returned
[Wed, 26 Dec 18 19:28:47 +0000][ERROR] Return value of Shop_categories\Services\BaseService::getCategoryId() must be of the type string, null returned
[Wed, 26 Dec 18 19:32:27 +0000][ERROR] Return value of Shop_categories\Services\BaseService::getCategoryId() must be of the type string, null returned
[Wed, 26 Dec 18 19:36:42 +0000][ERROR] Return value of Shop_categories\Services\BaseService::getCategoryId() must be of the type string, null returned
[Wed, 26 Dec 18 19:38:15 +0000][ERROR] Return value of Shop_categories\Services\BaseService::getCategoryId() must be of the type string, null returned
[Wed, 26 Dec 18 19:39:16 +0000][ERROR] Call to undefined method ::update()
[Wed, 26 Dec 18 19:39:59 +0000][ERROR] Call to undefined method ::update()
[Wed, 26 Dec 18 19:40:11 +0000][ERROR] Return value of Shop_categories\Repositories\AttributesRepository::create() must be an instance of Shop_categories\Models\Attribute, none returned
[Wed, 26 Dec 18 19:40:37 +0000][ERROR] Return value of Shop_categories\Repositories\AttributesRepository::create() must be an instance of Shop_categories\Models\Attribute, none returned
[Wed, 26 Dec 18 19:40:54 +0000][ERROR] Call to a member function delete() on boolean
[Thu, 27 Dec 18 12:40:33 +0000][ERROR] Call to a member function isValid() on null
[Thu, 27 Dec 18 13:06:36 +0000][ERROR] Return value of Shop_categories\Services\BaseService::getCategoryId() must be of the type string, null returned
[Thu, 27 Dec 18 13:52:20 +0000][ERROR] Return value of Shop_categories\Services\BaseService::getCategoryId() must be of the type string, null returned
[Thu, 27 Dec 18 13:53:43 +0000][ERROR] Invalid attribute name
[Thu, 27 Dec 18 13:53:54 +0000][ERROR] Invalid attribute name
[Thu, 27 Dec 18 13:54:25 +0000][ERROR] Invalid attribute name
[Thu, 27 Dec 18 13:54:34 +0000][ERROR] Invalid category id
[Thu, 27 Dec 18 13:54:37 +0000][ERROR] Return value of Shop_categories\Services\BaseService::getCategoryId() must be of the type string, null returned
[Thu, 27 Dec 18 13:54:48 +0000][ERROR] Return value of Shop_categories\Services\BaseService::getCategoryId() must be of the type string, null returned
[Thu, 27 Dec 18 13:55:49 +0000][ERROR] Return value of Shop_categories\Services\BaseService::getCategoryId() must be of the type string, null returned
[Thu, 27 Dec 18 13:56:25 +0000][ERROR] Return value of Shop_categories\Services\BaseService::getCategoryId() must be of the type string, null returned
[Thu, 27 Dec 18 13:56:28 +0000][ERROR] Return value of Shop_categories\Services\BaseService::getCategoryId() must be of the type string, null returned
[Thu, 27 Dec 18 13:58:01 +0000][ERROR] Return value of Shop_categories\Services\BaseService::getCategoryId() must be of the type string, null returned
[Thu, 27 Dec 18 13:58:13 +0000][ERROR] Return value of Shop_categories\Services\BaseService::getCategoryId() must be of the type string, null returned
[Thu, 27 Dec 18 13:59:34 +0000][ERROR] Return value of Shop_categories\RequestHandler\UpdateAttributeRequestHandler::getName() must be of the type string, null returned
[Thu, 27 Dec 18 14:00:06 +0000][ERROR] Return value of Shop_categories\RequestHandler\UpdateAttributeRequestHandler::getName() must be of the type string, null returned
[Thu, 27 Dec 18 14:00:18 +0000][ERROR] Return value of Shop_categories\RequestHandler\UpdateAttributeRequestHandler::getName() must be of the type string, null returned
[Thu, 27 Dec 18 14:02:19 +0000][ERROR] Invalid category id
[Thu, 27 Dec 18 14:03:59 +0000][ERROR] Nothing to update
[Thu, 27 Dec 18 14:04:45 +0000][ERROR] Invalid attribute name
[Thu, 27 Dec 18 14:04:55 +0000][ERROR] Call to a member function setAttributes() on boolean
[Thu, 27 Dec 18 14:06:00 +0000][ERROR] Call to a member function setAttributes() on boolean
[Thu, 27 Dec 18 14:07:03 +0000][ERROR] Return value of Shop_categories\Services\BaseService::getCategoryId() must be of the type string, null returned
[Thu, 27 Dec 18 14:07:11 +0000][ERROR] Call to a member function setAttributes() on boolean
[Thu, 27 Dec 18 14:07:36 +0000][ERROR] Attribute not found or maybe deleted
[Thu, 27 Dec 18 14:07:44 +0000][ERROR] Return value of Shop_categories\Services\BaseService::getCategoryId() must be of the type string, null returned
[Thu, 27 Dec 18 14:08:42 +0000][ERROR] Call to undefined method ::update()
[Thu, 27 Dec 18 14:10:53 +0000][ERROR] Update nor supported. Use save() instead
[Thu, 27 Dec 18 14:11:01 +0000][ERROR] Update not supported. Use save() instead
[Thu, 27 Dec 18 14:11:11 +0000][ERROR] Return value of Shop_categories\Services\BaseService::getCategoryId() must be of the type string, null returned
[Thu, 27 Dec 18 16:09:09 +0000][ERROR] JsonMapper::map() requires first argument to be an object, array given.
[Thu, 27 Dec 18 16:13:31 +0000][ERROR] JSON property "_url" does not exist in object of type Shop_categories\RequestHandler\GetAttributeRequestHandler
[Thu, 27 Dec 18 16:14:36 +0000][ERROR] Return value of Shop_categories\RequestHandler\GetAttributeRequestHandler::getCategoryId() must be of the type string, null returned
[Thu, 27 Dec 18 16:14:48 +0000][ERROR] Call to undefined method Shop_categories\Services\AttributesService::getAll()
[Thu, 27 Dec 18 16:15:03 +0000][ERROR] Call to undefined method Shop_categories\Services\AttributesService::getAll()
[Thu, 27 Dec 18 16:15:34 +0000][ERROR] Call to undefined method Shop_categories\Services\AttributesService::getAll()
[Thu, 27 Dec 18 16:19:27 +0000][ERROR] Call to undefined method Shop_categories\Services\AttributesService::getAll()
[Thu, 27 Dec 18 16:19:58 +0000][ERROR] Call to undefined method Shop_categories\Services\AttributesService::getAll()
[Thu, 27 Dec 18 16:20:09 +0000][ERROR] Call to undefined method Shop_categories\Services\AttributesService::getAll()
[Thu, 27 Dec 18 16:20:39 +0000][ERROR] Invalid category id
[Thu, 27 Dec 18 16:21:00 +0000][ERROR] Call to undefined method Shop_categories\Services\AttributesService::getAll()
[Thu, 27 Dec 18 16:21:43 +0000][ERROR] Cannot use object of type Shop_categories\RequestHandler\GetAttributeRequestHandler as array
[Thu, 27 Dec 18 16:23:32 +0000][ERROR] Call to a member function isValid() on array
[Thu, 27 Dec 18 16:24:02 +0000][ERROR] Call to a member function isValid() on array
[Thu, 27 Dec 18 16:28:10 +0000][ERROR] JSON property "_url" does not exist in object of type Shop_categories\RequestHandler\GetAttributeRequestHandler
[Thu, 27 Dec 18 16:28:57 +0000][ERROR] Invalid category id
[Thu, 27 Dec 18 16:29:03 +0000][ERROR] Call to undefined method Shop_categories\Services\AttributesService::getAll()
[Thu, 27 Dec 18 22:25:05 +0000][ERROR] Maximum function nesting level of '256' reached, aborting!
[Fri, 28 Dec 18 13:06:06 +0000][ERROR] No data source available for categories
[Fri, 28 Dec 18 13:06:47 +0000][ERROR] No data source available for categories
[Fri, 28 Dec 18 13:07:41 +0000][ERROR] No data source available for categories
[Fri, 28 Dec 18 13:43:40 +0000][ERROR] Invalid category id
[Fri, 28 Dec 18 13:43:54 +0000][ERROR] Too few arguments to function Shop_categories\Services\AttributesService::getAll(), 0 passed in /var/www/shop_categories/app/modules/api/1.0/controllers/AttributesController.php on line 40 and exactly 1 expected
[Fri, 28 Dec 18 13:44:25 +0000][ERROR] Return value of Shop_categories\Services\Cache\AttributesCache::getAll() must be of the type array, null returned
[Fri, 28 Dec 18 15:29:36 +0000][ERROR] No data source available for attributes
[Fri, 28 Dec 18 15:29:53 +0000][ERROR] No data source available for attributes
[Fri, 28 Dec 18 15:39:38 +0000][ERROR] Argument 2 passed to Redis::hMget() must be of the type array, string given
[Fri, 28 Dec 18 15:55:12 +0000][ERROR] Invalid category id
[Fri, 28 Dec 18 15:58:46 +0000][ERROR] Argument 2 passed to Shop_categories\Services\Cache\AttributesCache::updateCache() must be of the type string, null given, called in /var/www/shop_categories/app/common/services/AttributesService.php on line 70
[Sat, 29 Dec 18 10:33:39 +0000][ERROR] No data source available for categories
[Sat, 29 Dec 18 10:34:00 +0000][ERROR] No data source available for categories
[Sat, 29 Dec 18 10:34:42 +0000][ERROR] No data source available for categories
[Sat, 29 Dec 18 10:35:29 +0000][ERROR] Cannot use object of type stdClass as array
[Sat, 29 Dec 18 10:50:30 +0000][ERROR] Return value of Shop_categories\Models\Attribute::findFirst() must be an instance of Shop_categories\Models\Attribute, boolean returned
[Sat, 29 Dec 18 10:51:59 +0000][ERROR] Return value of Shop_categories\Models\Attribute::findById() must be an instance of Shop_categories\Models\Attribute, boolean returned
[Sat, 29 Dec 18 10:52:17 +0000][ERROR] Attribute not found or maybe deleted
[Sat, 29 Dec 18 10:52:30 +0000][ERROR] Attribute not found or maybe deleted
[Sat, 29 Dec 18 10:52:31 +0000][ERROR] Attribute not found or maybe deleted
[Sat, 29 Dec 18 10:52:41 +0000][ERROR] Return value of Shop_categories\Services\Cache\AttributesCache::getAttribute() must be of the type array, null returned
[Sat, 29 Dec 18 11:50:32 +0000][ERROR] Cannot use object of type Shop_categories\Models\Attribute as array
[Sat, 29 Dec 18 11:51:43 +0000][ERROR] Attribute not found or maybe deleted
[Sat, 29 Dec 18 12:14:28 +0000][ERROR] Invalid attribute name
[Sat, 29 Dec 18 16:11:44 +0000][ERROR] Argument 1 passed to Shop_categories\Exceptions\ArrayOfStringsException::__construct() must be of the type array, object given, called in /var/www/shop_categories/app/common/repositories/AttributesRepository.php on line 79
[Sat, 29 Dec 18 16:22:09 +0000][ERROR] Call to undefined method Shop_categories\Models\Attribute::model()
[Sat, 29 Dec 18 16:22:27 +0000][ERROR] Call to undefined method Shop_categories\Models\BaseCollection::getType()
[Sat, 29 Dec 18 16:24:04 +0000][ERROR] There is already an attribute with the same name
[Sat, 29 Dec 18 16:29:11 +0000][ERROR] There is already an attribute with the same name
[Sat, 29 Dec 18 16:30:46 +0000][ERROR] Nothing to update
[Sat, 29 Dec 18 20:49:33 +0000][ERROR] Attribute not found or maybe deleted
[Sat, 29 Dec 18 20:49:44 +0000][ERROR] Attribute not found or maybe deleted
[Sat, 29 Dec 18 20:49:49 +0000][ERROR] Attribute not found or maybe deleted
[Sat, 29 Dec 18 20:55:06 +0000][ERROR] E11000 duplicate key error collection: shop_categories.attributes index: unique_index dup key: { : "Color", : "1fb586d1-a118-4ea0-8c7b-41d2f1f42d84" }
[Sat, 29 Dec 18 20:55:19 +0000][ERROR] There is already an attribute with the same name
[Sat, 29 Dec 18 20:57:58 +0000][ERROR] Attribute not found or maybe deleted
[Sat, 29 Dec 18 20:58:01 +0000][ERROR] There is already an attribute with the same name
[Sat, 29 Dec 18 20:58:03 +0000][ERROR] There is already an attribute with the same name
[Sat, 29 Dec 18 20:58:25 +0000][ERROR] There is already an attribute with the same name
[Sat, 29 Dec 18 21:00:02 +0000][ERROR] []
[Sat, 29 Dec 18 21:00:23 +0000][ERROR] E11000 duplicate key error collection: shop_categories.attributes index: unique_index dup key: { : "1fb586d1-a118-4ea0-8c7b-41d2f1f42d84", : "Color", : false }
[Sat, 29 Dec 18 21:00:48 +0000][ERROR] E11000 duplicate key error collection: shop_categories.attributes index: unique_index dup key: { : "1fb586d1-a118-4ea0-8c7b-41d2f1f42d84", : "Color", : false }
[Sat, 29 Dec 18 21:01:22 +0000][ERROR] []
[Sat, 29 Dec 18 21:02:09 +0000][ERROR] []
[Sat, 29 Dec 18 21:40:02 +0000][ERROR] There is already an attribute with the same name
[Sat, 29 Dec 18 21:40:19 +0000][ERROR] There is already an attribute with the same value
[Sat, 29 Dec 18 21:40:48 +0000][ERROR] E11000 duplicate key error collection: shop_categories.attributes index: unique_index dup key: { : "1fb586d1-a118-4ea0-8c7b-41d2f1f42d84", : "Color", : false }
[Sat, 29 Dec 18 21:41:17 +0000][ERROR] E11000 duplicate key error collection: shop_categories.attributes index: unique_index dup key: { : "1fb586d1-a118-4ea0-8c7b-41d2f1f42d84", : "Color", : true }
[Sat, 29 Dec 18 21:53:00 +0000][ERROR] There is already an attribute with the same value
[Sat, 29 Dec 18 21:53:32 +0000][ERROR] Field attribute_name, attribute_category_id must be unique
[Sat, 29 Dec 18 21:53:47 +0000][ERROR] attribute_name, attribute_category_id There is already an attribute with the same value
[Sat, 29 Dec 18 21:53:55 +0000][ERROR] There is already an attribute with the same value
[Sat, 29 Dec 18 21:54:31 +0000][ERROR] There is already an attribute with the same value
[Sat, 29 Dec 18 21:54:45 +0000][ERROR] There is already an attribute with the same value
[Sat, 29 Dec 18 21:58:35 +0000][ERROR] There is already an attribute with the same value
[Sat, 29 Dec 18 21:58:57 +0000][ERROR] E11000 duplicate key error collection: shop_categories.attributes index: unique_index dup key: { : "1fb586d1-a118-4ea0-8c7b-41d2f1f42d84", : "Color" }
[Sat, 29 Dec 18 21:59:16 +0000][ERROR] E11000 duplicate key error collection: shop_categories.attributes index: unique_index dup key: { : "1fb586d1-a118-4ea0-8c7b-41d2f1f42d84", : "Color" }
[Sat, 29 Dec 18 22:00:14 +0000][ERROR] There is already an attribute with the same value
[Sat, 29 Dec 18 22:00:39 +0000][ERROR] There is already an attribute with the same value
[Sat, 29 Dec 18 22:01:02 +0000][ERROR] There is already an attribute with the same value
[Sat, 29 Dec 18 22:01:37 +0000][ERROR] Category already contains this attribute
[Sat, 29 Dec 18 22:04:43 +0000][ERROR] Attribute not found or maybe deleted
[Sat, 29 Dec 18 22:16:20 +0000][ERROR] Category already contains this attribute
[Sat, 29 Dec 18 22:19:35 +0000][ERROR] Invalid attribute name
[Sat, 29 Dec 18 22:19:46 +0000][ERROR] Invalid attribute name
[Sat, 29 Dec 18 22:20:00 +0000][ERROR] Invalid attribute name
[Sat, 29 Dec 18 22:21:46 +0000][ERROR] Invalid attribute name
[Sat, 29 Dec 18 22:22:59 +0000][ERROR] Invalid attribute name
[Sat, 29 Dec 18 22:28:38 +0000][ERROR] Class 'Shop_categories\RequestHandler\DeleteAttributeRequestHandler' not found
[Sat, 29 Dec 18 22:29:32 +0000][ERROR] Attribute not found or maybe deleted
[Sat, 29 Dec 18 22:30:08 +0000][ERROR] No attributes found
[Sat, 29 Dec 18 22:30:17 +0000][ERROR] Invalid attribute name
[Sat, 29 Dec 18 22:30:22 +0000][ERROR] Return value of Shop_categories\Services\Cache\AttributesCache::getAll() must be of the type array, null returned
[Sat, 29 Dec 18 22:31:10 +0000][ERROR] Return value of Shop_categories\Services\Cache\AttributesCache::getAll() must be of the type array, null returned
[Sat, 29 Dec 18 22:31:43 +0000][ERROR] Return value of Shop_categories\Services\Cache\AttributesCache::getAll() must be of the type array, null returned
[Sat, 29 Dec 18 22:32:03 +0000][ERROR] Return value of Shop_categories\Services\Cache\AttributesCache::getAll() must be of the type array, null returned
[Sat, 29 Dec 18 22:34:52 +0000][ERROR] Return value of Shop_categories\Services\Cache\AttributesCache::getAll() must be of the type array, null returned
[Mon, 31 Dec 18 18:05:13 +0000][ERROR] Attribute not found or maybe deleted
[Mon, 31 Dec 18 18:05:17 +0000][ERROR] Attribute not found or maybe deleted
[Mon, 31 Dec 18 18:36:17 +0000][ERROR] You must provide a unique values
[Mon, 31 Dec 18 18:36:24 +0000][ERROR] Category already contains this attribute
[Mon, 31 Dec 18 18:37:14 +0000][ERROR] Category already contains this attribute
[Mon, 31 Dec 18 18:51:42 +0000][ERROR] JsonMapper::map() requires first argument to be an object, array given.
[Mon, 31 Dec 18 18:53:27 +0000][ERROR] JsonMapper::map() requires first argument to be an object, array given.
[Mon, 31 Dec 18 18:54:10 +0000][ERROR] You must provide a unique values
[Mon, 31 Dec 18 18:54:37 +0000][ERROR] You must provide a unique values
[Mon, 31 Dec 18 18:56:38 +0000][ERROR] Category already contains this attribute
[Mon, 31 Dec 18 18:56:45 +0000][ERROR] Category already contains this attribute
[Mon, 31 Dec 18 18:57:44 +0000][ERROR] Update not supported. Use save() instead
[Mon, 31 Dec 18 18:57:59 +0000][ERROR] Category already contains this attribute
[Mon, 31 Dec 18 18:58:28 +0000][ERROR] Update not supported. Use save() instead
[Mon, 31 Dec 18 18:58:53 +0000][ERROR] Category already contains this attribute
[Mon, 31 Dec 18 22:47:30 +0000][ERROR] Attribute values should be an array
[Mon, 31 Dec 18 22:47:48 +0000][ERROR] Attribute values should be an array
[Tue, 01 Jan 19 10:36:22 +0000][ERROR] Class 'Shop_categories\RequestHandler\Categories\GetCategoryRequestHandler' not found
[Tue, 01 Jan 19 10:37:09 +0000][ERROR] Class 'Shop_categories\RequestHandler\Categories\GetCategoryRequestHandler' not found
[Tue, 01 Jan 19 10:37:57 +0000][ERROR] Class 'Shop_categories\RequestHandler\Categories\GetCategoryRequestHandler' not found
[Tue, 01 Jan 19 10:37:59 +0000][ERROR] Class 'Shop_categories\RequestHandler\Categories\GetCategoryRequestHandler' not found
[Tue, 01 Jan 19 10:38:35 +0000][ERROR] Class 'Shop_categories\RequestHandler\Categories\GetCategoryRequestHandler' not found
[Tue, 01 Jan 19 10:38:51 +0000][ERROR] Class 'Shop_categories\RequestHandler\Categories\GetCategoryRequestHandler' not found
[Tue, 01 Jan 19 10:38:52 +0000][ERROR] Class 'Shop_categories\RequestHandler\Categories\GetCategoryRequestHandler' not found
[Tue, 01 Jan 19 10:38:53 +0000][ERROR] Class 'Shop_categories\RequestHandler\Categories\GetCategoryRequestHandler' not found
[Tue, 01 Jan 19 10:41:21 +0000][ERROR] Attribute 5c2b43d16a36324cf179abc2 not added/updated in cache.
[Tue, 01 Jan 19 11:17:45 +0000][ERROR] Attribute 5c2b4c596a36324cf26e9423 not added/updated in cache.
[Tue, 01 Jan 19 11:17:47 +0000][ERROR] Category already contains this attribute
[Tue, 01 Jan 19 12:41:22 +0000][ERROR] Invalid category id
[Tue, 01 Jan 19 12:42:34 +0000][ERROR] Attribute 5c2a61cf6a3632522d53fa22 not added/updated in cache.
[Tue, 01 Jan 19 13:37:25 +0000][ERROR] Attribute 5c2a61cf6a3632522d53fa22 not added/updated in cache.
[Tue, 01 Jan 19 13:40:39 +0000][ERROR] JSON property "conditions" does not exist in object of type Shop_categories\RequestHandler\Attributes\UpdateAttributeRequestHandler
[Tue, 01 Jan 19 13:45:59 +0000][ERROR] Class 'Shop_categories\Modules\Api\Controllers\CreateAttributeRequestHandler' not found
[Tue, 01 Jan 19 13:47:00 +0000][ERROR] Return value of Shop_categories\RequestHandler\Categories\GetCategoryRequestHandler::toArray() must be of the type array, none returned
[Tue, 01 Jan 19 13:56:39 +0000][ERROR] Category already contains this attribute
[Tue, 01 Jan 19 13:56:56 +0000][ERROR] Attribute 5c2b71a86a36324cf5060343 not added/updated in cache.
[Tue, 01 Jan 19 14:05:44 +0000][ERROR] Included values should not exist in excluded values
[Tue, 01 Jan 19 14:06:23 +0000][ERROR] Included values should not exist in excluded values
[Tue, 01 Jan 19 14:06:27 +0000][ERROR] Category already contains this attribute
[Tue, 01 Jan 19 14:07:25 +0000][ERROR] Attribute 5c2b741d6a36324cf35d64a2 not added/updated in cache.
[Tue, 01 Jan 19 14:25:31 +0000][ERROR] JSON property "conditions" does not exist in object of type Shop_categories\RequestHandler\Attributes\CreateAttributeRequestHandler
[Fri, 11 Jan 19 13:31:56 +0000][ERROR] Attribute 5c27f6c06a36322a3455d625 not added/updated in cache.
[Fri, 11 Jan 19 13:33:32 +0000][ERROR] Attribute 5c27f6c06a36322a3455d625 not added/updated in cache.
[Fri, 11 Jan 19 13:34:07 +0000][ERROR] Attribute 5c27f6c06a36322a3455d625 not added/updated in cache.
[Fri, 11 Jan 19 13:34:34 +0000][ERROR] Attribute 5c27f6c06a36322a3455d625 not added/updated in cache.
[Fri, 11 Jan 19 14:36:14 +0000][ERROR] No data source available for categories
[Fri, 11 Jan 19 14:36:37 +0000][ERROR] No data source available for categories
[Fri, 11 Jan 19 14:36:38 +0000][ERROR] No data source available for categories
[Fri, 11 Jan 19 14:37:17 +0000][ERROR] No data source available for categories
[Fri, 11 Jan 19 14:53:00 +0000][ERROR] No data source available for categories
[Fri, 11 Jan 19 14:55:16 +0000][ERROR] No data source available for categories
[Fri, 11 Jan 19 14:57:04 +0000][ERROR] No data source available for categories
[Fri, 11 Jan 19 14:57:47 +0000][ERROR] No data source available for categories
[Sat, 19 Jan 19 21:29:23 +0000][ERROR] Class 'Shop_categories\Collections\Attribute' not found
[Sat, 02 Feb 19 13:28:49 +0000][ERROR] No categories found
[Sat, 02 Feb 19 22:06:35 +0000][ERROR] SQLSTATE[HY000] [2002] Connection refused
[Sat, 02 Feb 19 22:08:01 +0000][ERROR] SQLSTATE[HY000] [2002] Connection refused
[Sat, 02 Feb 19 22:09:47 +0000][ERROR] SQLSTATE[HY000] [2002] Connection refused
[Sat, 02 Feb 19 22:10:17 +0000][ERROR] No data source available for categories
[Sat, 02 Feb 19 22:11:23 +0000][ERROR] No data source available for categories
[Sat, 02 Feb 19 22:49:31 +0000][ERROR] SQLSTATE[HY000] [2002] No route to host
[Sat, 02 Feb 19 22:50:07 +0000][ERROR] Table 'category' doesn't exist in database when dumping meta-data for Shop_categories\Models\Category
[Sat, 02 Feb 19 22:52:39 +0000][ERROR] No categories found
[Sat, 02 Feb 19 22:52:44 +0000][ERROR] Connection refused
[Fri, 08 Feb 19 13:50:12 +0000][ERROR] No data source available for categories
[Sat, 09 Feb 19 10:49:16 +0000][ERROR] No data source available for categories
[Sat, 09 Feb 19 10:50:22 +0000][ERROR] No data source available for categories
[Sat, 09 Feb 19 10:50:23 +0000][ERROR] No data source available for categories
[Sat, 09 Feb 19 10:50:31 +0000][ERROR] No data source available for categories
[Sat, 09 Feb 19 10:50:54 +0000][ERROR] No data source available for categories
[Sat, 09 Feb 19 10:50:56 +0000][ERROR] No data source available for categories
[Sat, 09 Feb 19 11:16:19 +0000][ERROR] No data source available for categories
[Sat, 09 Feb 19 18:37:28 +0000][ERROR] No data source available for categories
[Sat, 09 Feb 19 18:37:58 +0000][ERROR] No data source available for categories
[Sat, 09 Feb 19 18:37:59 +0000][ERROR] No data source available for categories
[Sat, 09 Feb 19 18:38:00 +0000][ERROR] No data source available for categories
[Sat, 09 Feb 19 18:38:00 +0000][ERROR] No data source available for categories
[Sat, 09 Feb 19 18:38:30 +0000][ERROR] No data source available for categories
[Sat, 09 Feb 19 18:38:31 +0000][ERROR] No data source available for categories
[Sat, 09 Feb 19 18:38:46 +0000][ERROR] No data source available for categories
[Sat, 09 Feb 19 18:38:47 +0000][ERROR] No data source available for categories
[Sat, 09 Feb 19 19:07:47 +0000][ERROR] No data source available for categories
[Sat, 09 Feb 19 19:07:47 +0000][ERROR] No data source available for categories
[Sat, 09 Feb 19 19:20:41 +0000][ERROR] No data source available for categories
[Sat, 09 Feb 19 19:20:42 +0000][ERROR] No data source available for categories
[Sat, 09 Feb 19 19:21:22 +0000][ERROR] No data source available for categories
[Sun, 10 Feb 19 20:24:50 +0000][ERROR] No data source available for categories
[Sun, 10 Feb 19 20:25:07 +0000][ERROR] No data source available for categories
[Sun, 10 Feb 19 20:25:09 +0000][ERROR] No data source available for categories
[Sun, 10 Feb 19 20:29:21 +0000][ERROR] No data source available for categories
[Sun, 10 Feb 19 20:29:22 +0000][ERROR] No data source available for categories
[Sun, 10 Feb 19 20:30:14 +0000][ERROR] No data source available for categories
[Sun, 10 Feb 19 20:30:16 +0000][ERROR] No data source available for categories
[Sun, 10 Feb 19 20:30:17 +0000][ERROR] No data source available for categories
[Sun, 10 Feb 19 20:30:18 +0000][ERROR] No data source available for categories
[Sun, 10 Feb 19 20:32:04 +0000][ERROR] No data source available for categories
[Sun, 10 Feb 19 20:32:05 +0000][ERROR] No data source available for categories
[Sun, 10 Feb 19 20:32:15 +0000][ERROR] Class 'Redis' not found
[Sun, 10 Feb 19 20:34:02 +0000][ERROR] Class 'Redis' not found
[Tue, 12 Feb 19 21:07:38 +0000][ERROR] 1
[Tue, 12 Feb 19 21:08:01 +0000][ERROR] 1
[Tue, 12 Feb 19 21:08:14 +0000][ERROR] 1
[Tue, 12 Feb 19 21:08:14 +0000][ERROR] 1
[Tue, 12 Feb 19 21:08:14 +0000][ERROR] 1
[Tue, 12 Feb 19 21:08:17 +0000][ERROR] 1
[Tue, 12 Feb 19 21:11:22 +0000][ERROR] 1
[Tue, 12 Feb 19 21:11:24 +0000][ERROR] 1
[Tue, 12 Feb 19 21:13:08 +0000][ERROR] 1
[Tue, 12 Feb 19 21:13:09 +0000][ERROR] 1
[Tue, 12 Feb 19 21:18:17 +0000][ERROR] 1
[Tue, 12 Feb 19 21:18:17 +0000][ERROR] 1
[Tue, 12 Feb 19 21:18:20 +0000][ERROR] 1
[Tue, 12 Feb 19 21:19:15 +0000][ERROR] 1
[Tue, 12 Feb 19 21:19:59 +0000][ERROR] 1
[Tue, 12 Feb 19 21:22:37 +0000][ERROR] Hello World!
[Tue, 12 Feb 19 21:22:37 +0000][ERROR] Hello World!
[Tue, 12 Feb 19 21:22:37 +0000][ERROR] Hello World!
[Tue, 12 Feb 19 21:22:37 +0000][ERROR] Hello World!
[Tue, 12 Feb 19 21:22:37 +0000][ERROR] Hello World!
[Tue, 12 Feb 19 21:22:37 +0000][ERROR] Hello World!
[Tue, 12 Feb 19 21:22:37 +0000][ERROR] Hello World!
[Tue, 12 Feb 19 21:22:37 +0000][ERROR] Hello World!
[Tue, 12 Feb 19 21:22:37 +0000][ERROR] Hello World!
[Tue, 12 Feb 19 21:22:37 +0000][ERROR] {"message":"Hello World!"}
[Tue, 12 Feb 19 21:22:37 +0000][ERROR] {"message":"Hello World!"}
[Tue, 12 Feb 19 21:22:37 +0000][ERROR] {"message":"Hello World!"}
[Tue, 12 Feb 19 21:22:37 +0000][ERROR] {"message":"Hello World!"}
[Tue, 12 Feb 19 21:23:22 +0000][ERROR] Hello World!
[Tue, 12 Feb 19 21:24:03 +0000][ERROR] Hello World!
[Tue, 12 Feb 19 21:25:13 +0000][ERROR] Hello World!
[Tue, 12 Feb 19 21:25:13 +0000][ERROR] Hello World!
[Tue, 12 Feb 19 21:25:14 +0000][ERROR] Hello World!
[Tue, 12 Feb 19 21:25:14 +0000][ERROR] Hello World!
[Tue, 12 Feb 19 21:25:15 +0000][ERROR] Hello World!
[Tue, 12 Feb 19 21:25:15 +0000][ERROR] Hello World!
[Tue, 12 Feb 19 21:25:15 +0000][ERROR] Hello World!
[Tue, 12 Feb 19 21:25:16 +0000][ERROR] Hello World!
[Tue, 12 Feb 19 21:36:13 +0000][ERROR] Array
[Tue, 12 Feb 19 21:36:33 +0000][ERROR] Array
[Tue, 12 Feb 19 21:36:34 +0000][ERROR] Array
[Tue, 12 Feb 19 21:36:53 +0000][ERROR] Array
[Tue, 12 Feb 19 21:37:14 +0000][ERROR] Array
[Tue, 12 Feb 19 21:37:41 +0000][ERROR] {"categories":["Hello World!"]}
[Tue, 12 Feb 19 21:38:03 +0000][ERROR] categories
[Tue, 12 Feb 19 21:38:55 +0000][ERROR] Array
[Tue, 12 Feb 19 21:39:26 +0000][ERROR] Hello World!
[Tue, 12 Feb 19 21:42:00 +0000][ERROR] Hello World!
[Tue, 12 Feb 19 21:42:17 +0000][ERROR] Hello World!
[Tue, 12 Feb 19 21:42:19 +0000][ERROR] Hello World!
[Tue, 12 Feb 19 21:42:45 +0000][ERROR] Hello World!
[Tue, 12 Feb 19 21:42:45 +0000][ERROR] Hello World!
[Tue, 12 Feb 19 21:42:46 +0000][ERROR] Hello World!
[Tue, 12 Feb 19 21:42:46 +0000][ERROR] Hello World!
[Tue, 12 Feb 19 21:42:47 +0000][ERROR] Hello World!
[Fri, 15 Feb 19 11:16:55 +0000][ERROR] Hello World!
[Fri, 15 Feb 19 11:25:22 +0000][ERROR] Hello World!
[Fri, 15 Feb 19 11:57:07 +0000][ERROR] Hello 
[Fri, 15 Feb 19 11:57:45 +0000][ERROR] Hello 
[Fri, 15 Feb 19 12:34:23 +0000][ERROR] ssss,1
[Fri, 15 Feb 19 12:34:28 +0000][ERROR] ssss,2
[Fri, 15 Feb 19 12:34:33 +0000][ERROR] ssss sdas dasd asd,3
[Fri, 15 Feb 19 12:35:19 +0000][ERROR] ssss sdas dasd asd,1
[Fri, 15 Feb 19 12:37:35 +0000][ERROR] عربي,2
[Sat, 16 Feb 19 18:36:42 +0000][ERROR] Class 'Shop_categories\Enums\QueueNamesEnum' not found
[Sat, 16 Feb 19 18:36:57 +0000][ERROR] Class 'Shop_categories\Enums\QueueNamesEnum' not found
[Sat, 16 Feb 19 18:38:02 +0000][ERROR] Class 'Shop_categories\Enums\QueueNamesEnum' not found
[Sat, 16 Feb 19 18:38:18 +0000][ERROR] Class 'Shop_categories\Enums\QueueNamesEnum' not found
[Sat, 16 Feb 19 18:38:27 +0000][ERROR] Class 'Shop_categories\Enums\QueueNamesEnum' not found
[Sat, 16 Feb 19 18:38:46 +0000][ERROR] Class 'Shop_categories\Enums\QueueNamesEnum' not found
[Sat, 16 Feb 19 18:39:34 +0000][ERROR] Class 'Shop_categories\Enums\QueueNamesEnum' not found
[Sat, 16 Feb 19 18:39:52 +0000][ERROR] Class 'Shop_categories\Enums\QueueNamesEnum' not found
[Sat, 16 Feb 19 18:41:21 +0000][ERROR] Class 'Shop_categories\Enums\QueueNamesEnum' not found
[Sat, 16 Feb 19 18:48:05 +0000][ERROR] Call to a member function getContent() on null
[Sat, 16 Feb 19 18:51:21 +0000][ERROR] Call to a member function getContent() on null
[Sat, 16 Feb 19 18:57:50 +0000][ERROR] Call to a member function getContent() on null
[Mon, 18 Feb 19 17:44:26 +0000][ERROR] Phalcon\Cli\Dispatcher
[Mon, 18 Feb 19 17:44:26 +0000][ERROR] Call to a member function getContent() on null
[Mon, 18 Feb 19 17:46:33 +0000][ERROR] Call to a member function getContent() on null
[Mon, 18 Feb 19 17:46:33 +0000][ERROR] Too few arguments to function PhpAmqpLib\Channel\AMQPChannel::basic_reject(), 1 passed in /var/www/html/shop_categories/app/modules/cli/tasks/ConsumerTask.php on line 61 and exactly 2 expected
[Mon, 18 Feb 19 17:48:25 +0000][ERROR] Call to a member function getContent() on null
[Mon, 18 Feb 19 17:49:32 +0000][ERROR] Call to a member function getContent() on null
[Mon, 18 Feb 19 17:53:38 +0000][ERROR] Call to a member function getContent() on null\n1
[Mon, 18 Feb 19 17:58:31 +0000][ERROR] Call to a member function getContent() on null
[Mon, 18 Feb 19 17:59:14 +0000][ERROR] Call to a member function getContent() on null
[Mon, 18 Feb 19 18:10:02 +0000][ERROR] Call to a member function getContent() on null
[Mon, 18 Feb 19 18:15:31 +0000][ERROR] Call to a member function getContent() on null
[Mon, 18 Feb 19 18:19:55 +0000][ERROR] Call to a member function getContent() on null
[Mon, 18 Feb 19 18:21:08 +0000][ERROR] Call to a member function getContent() on null
[Mon, 18 Feb 19 18:29:01 +0000][ERROR] Call to a member function getContent() on null
[Mon, 18 Feb 19 18:33:43 +0000][ERROR] No "reply_to" property
[Mon, 18 Feb 19 18:34:47 +0000][ERROR] No "reply_to" property
[Mon, 18 Feb 19 18:36:12 +0000][ERROR] No "reply_to" property
[Mon, 18 Feb 19 18:38:38 +0000][ERROR] Call to undefined method PhpAmqpLib\Message\AMQPMessage::basic_ack()
[Mon, 18 Feb 19 19:20:06 +0000][ERROR] fwrite(): send of 12 bytes failed with errno=104 Connection reset by peer
[Mon, 18 Feb 19 19:20:13 +0000][ERROR] stream_socket_client(): unable to connect to tcp://172.17.0.5:5672 (Connection refused)
[Mon, 18 Feb 19 19:21:42 +0000][ERROR] fwrite(): send of 12 bytes failed with errno=104 Connection reset by peer
[Mon, 18 Feb 19 19:25:28 +0000][ERROR] fwrite(): send of 12 bytes failed with errno=104 Connection reset by peer
[Mon, 18 Feb 19 19:31:36 +0000][ERROR] fwrite(): send of 12 bytes failed with errno=104 Connection reset by peer
[Mon, 18 Feb 19 19:31:42 +0000][ERROR] stream_socket_client(): unable to connect to tcp://172.17.0.5:5672 (Connection refused)
[Mon, 18 Feb 19 19:31:44 +0000][ERROR] stream_socket_client(): unable to connect to tcp://172.17.0.5:5672 (Connection refused)
[Mon, 18 Feb 19 20:31:48 +0000][ERROR] Parent category does not exist
[Mon, 18 Feb 19 20:33:28 +0000][ERROR] Parent category does not exist
[Mon, 18 Feb 19 20:37:13 +0000][ERROR] Parent category does not exist
[Mon, 18 Feb 19 20:50:51 +0000][ERROR] no errors :)
[Mon, 18 Feb 19 20:52:44 +0000][ERROR] no errors :)
[Mon, 18 Feb 19 20:54:59 +0000][ERROR] fwrite(): send of 12 bytes failed with errno=104 Connection reset by peer
[Mon, 18 Feb 19 20:55:56 +0000][ERROR] no errors :)
[Mon, 18 Feb 19 21:03:49 +0000][ERROR] no errors :)
[Mon, 18 Feb 19 21:06:31 +0000][ERROR] no errors :)
[Mon, 18 Feb 19 21:10:13 +0000][ERROR] fwrite(): send of 12 bytes failed with errno=104 Connection reset by peer
[Mon, 18 Feb 19 21:10:44 +0000][ERROR] no errors :)
[Mon, 18 Feb 19 21:11:37 +0000][ERROR] The connection timed out after 3 sec while awaiting incoming data
[Mon, 18 Feb 19 21:12:32 +0000][ERROR] The connection timed out after 3 sec while awaiting incoming data
[Mon, 18 Feb 19 21:13:39 +0000][ERROR] no errors :)
[Mon, 18 Feb 19 21:14:23 +0000][ERROR] fwrite(): send of 12 bytes failed with errno=104 Connection reset by peer
[Mon, 18 Feb 19 21:14:42 +0000][ERROR] no errors :)
[Wed, 20 Feb 19 21:01:44 +0000][ERROR] no errors :)
[Wed, 20 Feb 19 21:02:01 +0000][ERROR] no errors :)
[Wed, 20 Feb 19 21:02:33 +0000][ERROR] no errors :)
[Wed, 20 Feb 19 21:03:05 +0000][ERROR] no errors :)
[Wed, 20 Feb 19 21:04:26 +0000][ERROR] no errors :)
[Wed, 20 Feb 19 21:04:40 +0000][ERROR] no errors :)
[Wed, 20 Feb 19 21:05:16 +0000][ERROR] no errors :)
[Wed, 20 Feb 19 21:06:28 +0000][ERROR] no errors :)
[Wed, 20 Feb 19 21:06:43 +0000][ERROR] no errors :)
[Wed, 20 Feb 19 21:06:44 +0000][ERROR] no errors :)
[Wed, 20 Feb 19 21:07:35 +0000][ERROR] no errors :)
[Wed, 20 Feb 19 21:09:42 +0000][ERROR] no errors :)
[Wed, 20 Feb 19 21:10:56 +0000][ERROR] no errors :)
[Wed, 20 Feb 19 21:10:56 +0000][ERROR] no errors :)
[Wed, 20 Feb 19 21:10:59 +0000][ERROR] no errors :)
[Wed, 20 Feb 19 21:11:19 +0000][ERROR] no errors :)
[Wed, 20 Feb 19 21:14:01 +0000][ERROR] no errors :)
[Wed, 20 Feb 19 21:14:21 +0000][ERROR] no errors :)
[Wed, 20 Feb 19 21:15:28 +0000][ERROR] no errors :)
[Wed, 20 Feb 19 21:15:31 +0000][ERROR] no errors :)
[Wed, 20 Feb 19 21:15:41 +0000][ERROR] no errors :)
[Wed, 20 Feb 19 21:15:51 +0000][ERROR] no errors :)
[Wed, 20 Feb 19 21:16:24 +0000][ERROR] no errors :)
[Wed, 20 Feb 19 21:18:59 +0000][ERROR] no errors :)
[Wed, 20 Feb 19 21:19:50 +0000][ERROR] no errors :)
[Wed, 20 Feb 19 21:20:40 +0000][ERROR] no errors :)
[Wed, 20 Feb 19 21:23:31 +0000][ERROR] no errors :)
[Wed, 20 Feb 19 21:24:07 +0000][ERROR] no errors :)
[Wed, 20 Feb 19 21:25:08 +0000][ERROR] no errors :)
[Wed, 20 Feb 19 21:27:36 +0000][ERROR] no errors :)
[Wed, 20 Feb 19 21:28:20 +0000][ERROR] no errors :)
[Wed, 20 Feb 19 21:28:20 +0000][ERROR] Call to a member function wait_channel() on null
[Wed, 20 Feb 19 21:28:43 +0000][ERROR] no errors :)
[Wed, 20 Feb 19 21:28:43 +0000][ERROR] Call to a member function wait_channel() on null
[Wed, 20 Feb 19 21:30:45 +0000][ERROR] no errors :)
[Wed, 20 Feb 19 21:30:45 +0000][ERROR] Call to a member function wait_channel() on null
[Wed, 20 Feb 19 21:31:00 +0000][ERROR] no errors :)
[Wed, 20 Feb 19 21:31:00 +0000][ERROR] Call to a member function wait_channel() on null
[Wed, 20 Feb 19 21:55:28 +0000][ERROR] NOT_FOUND - no queue 'categories-sync' in vhost '/'
[Wed, 20 Feb 19 21:55:57 +0000][ERROR] no errors :)
[Wed, 20 Feb 19 21:55:57 +0000][ERROR] Channel connection is closed.
[Wed, 20 Feb 19 21:57:12 +0000][ERROR] no errors :)
[Wed, 20 Feb 19 21:57:12 +0000][ERROR] Channel connection is closed.
[Thu, 21 Feb 19 22:48:31 +0000][ERROR] no errors :)
[Thu, 21 Feb 19 22:48:31 +0000][ERROR] Channel connection is closed.
[Thu, 21 Feb 19 22:49:31 +0000][ERROR] no errors :)
[Thu, 21 Feb 19 22:49:31 +0000][ERROR] Channel connection is closed.
[Thu, 21 Feb 19 22:50:53 +0000][ERROR] no errors :)
[Thu, 21 Feb 19 22:51:51 +0000][ERROR] no errors :)
[Thu, 21 Feb 19 22:51:54 +0000][ERROR] Call to a member function wait_channel() on null
[Thu, 21 Feb 19 22:52:31 +0000][ERROR] no errors :)
[Thu, 21 Feb 19 22:52:31 +0000][ERROR] Call to a member function wait_channel() on null
[Thu, 21 Feb 19 22:53:51 +0000][ERROR] no errors :)
[Thu, 21 Feb 19 22:54:04 +0000][ERROR] Call to a member function wait_channel() on null
[Thu, 21 Feb 19 22:55:07 +0000][ERROR] no errors :)
[Thu, 21 Feb 19 22:55:07 +0000][ERROR] Call to a member function wait_channel() on null
[Thu, 21 Feb 19 22:55:22 +0000][ERROR] no errors :)
[Thu, 21 Feb 19 22:55:22 +0000][ERROR] Call to a member function wait_channel() on null
[Thu, 21 Feb 19 22:56:46 +0000][ERROR] no errors :)
[Thu, 21 Feb 19 22:56:46 +0000][ERROR] Call to a member function wait_channel() on null
[Thu, 21 Feb 19 23:00:42 +0000][ERROR] no errors :)
[Thu, 21 Feb 19 23:00:42 +0000][ERROR] Call to a member function wait_channel() on null
[Thu, 21 Feb 19 23:01:12 +0000][ERROR] no errors :)
[Thu, 21 Feb 19 23:01:12 +0000][ERROR] Call to a member function wait_channel() on null
[Fri, 22 Feb 19 10:12:50 +0000][ERROR] no errors :)
[Fri, 22 Feb 19 10:12:50 +0000][ERROR] Call to a member function wait_channel() on null
[Fri, 22 Feb 19 10:13:38 +0000][ERROR] no errors :)
[Fri, 22 Feb 19 10:13:54 +0000][ERROR] no errors :)
[Fri, 22 Feb 19 10:14:35 +0000][ERROR] no errors :)
[Fri, 22 Feb 19 10:22:31 +0000][ERROR] no errors :)
[Fri, 22 Feb 19 10:25:34 +0000][ERROR] no errors :)
[Fri, 22 Feb 19 10:25:46 +0000][ERROR] no errors :)
[Fri, 22 Feb 19 10:26:18 +0000][ERROR] no errors :)
[Fri, 22 Feb 19 10:26:34 +0000][ERROR] no errors :)
[Fri, 22 Feb 19 10:26:53 +0000][ERROR] no errors :)
[Fri, 22 Feb 19 10:28:37 +0000][ERROR] no errors :)
[Fri, 22 Feb 19 10:28:50 +0000][ERROR] no errors :)
[Fri, 22 Feb 19 10:29:08 +0000][ERROR] no errors :)
[Fri, 22 Feb 19 10:30:05 +0000][ERROR] no errors :)
[Fri, 22 Feb 19 10:31:57 +0000][ERROR] no errors :)
[Fri, 22 Feb 19 11:26:06 +0000][ERROR] no errors :)
[Fri, 22 Feb 19 11:26:39 +0000][ERROR] no errors :)
[Fri, 22 Feb 19 12:00:59 +0000][ERROR] no errors :)
[Fri, 22 Feb 19 12:53:42 +0000][ERROR] no errors :)
[Fri, 22 Feb 19 12:58:08 +0000][ERROR] no errors :)
[Fri, 22 Feb 19 12:58:21 +0000][ERROR] no errors :)
[Fri, 22 Feb 19 12:59:52 +0000][ERROR] no errors :)
[Fri, 22 Feb 19 13:00:46 +0000][ERROR] no errors :)
[Fri, 22 Feb 19 13:01:10 +0000][ERROR] no errors :)
[Fri, 22 Feb 19 13:06:35 +0000][ERROR] no errors :)
[Fri, 22 Feb 19 13:07:39 +0000][ERROR] no errors :)
[Fri, 22 Feb 19 13:08:04 +0000][ERROR] no errors :)
[Fri, 22 Feb 19 14:08:51 +0000][ERROR] Service 'loader' wasn't found in the dependency injection container
[Fri, 22 Feb 19 14:09:29 +0000][ERROR] Service 'loader' wasn't found in the dependency injection container
[Fri, 22 Feb 19 14:10:17 +0000][ERROR] 
[Fri, 22 Feb 19 15:07:55 +0000][ERROR] Class 'Shop_categories\Modules\Cli\RequestHandler\RequestHandler' not found
[Fri, 22 Feb 19 15:10:11 +0000][ERROR] Argument 3 passed to Shop_categories\Modules\Cli\RequestHandler\RequestHandler::__construct() must be of the type array, object given, called in /var/www/html/shop_categories/app/modules/cli/tasks/ConsumerTask.php on line 49
[Fri, 22 Feb 19 15:13:49 +0000][ERROR] Method "category::get" is not a callable method
[Fri, 22 Feb 19 15:14:19 +0000][ERROR] Method "::get" is not a callable method
[Fri, 22 Feb 19 15:14:37 +0000][ERROR] Method "Shop_categories\Services\CategoryService::get" is not a callable method
[Fri, 22 Feb 19 15:16:48 +0000][ERROR] Method "Shop_categories\Services\CategoryService::getCategory" is not a callable method
[Fri, 22 Feb 19 15:42:37 +0000][ERROR] Method "Shop_categories\Services\CategoryService::getCategory" is not a callable method
[Fri, 22 Feb 19 15:43:48 +0000][ERROR] Method "Shop_categories\Services\CategoryService::getCategory" is not a callable method
[Fri, 22 Feb 19 15:44:40 +0000][ERROR] Method "Shop_categories\Services\CategoryService::getCategory" is not a callable method
[Fri, 22 Feb 19 15:46:17 +0000][ERROR] Method "Shop_categories\Services\CategoryService::getCategory" is not a callable method
[Fri, 22 Feb 19 15:46:20 +0000][ERROR] Method "Shop_categories\Services\CategoryService::getCategory" is not a callable method
[Fri, 22 Feb 19 15:46:20 +0000][ERROR] Method "Shop_categories\Services\CategoryService::getCategory" is not a callable method
[Fri, 22 Feb 19 15:46:21 +0000][ERROR] Method "Shop_categories\Services\CategoryService::getCategory" is not a callable method
[Fri, 22 Feb 19 15:46:22 +0000][ERROR] Method "Shop_categories\Services\CategoryService::getCategory" is not a callable method
[Fri, 22 Feb 19 15:46:27 +0000][ERROR] Method "Shop_categories\Services\CategoryService::getCategory" is not a callable method
[Fri, 22 Feb 19 15:46:28 +0000][ERROR] Method "Shop_categories\Services\CategoryService::getCategory" is not a callable method
[Fri, 22 Feb 19 15:46:29 +0000][ERROR] Method "Shop_categories\Services\CategoryService::getCategory" is not a callable method
[Fri, 22 Feb 19 15:46:29 +0000][ERROR] Method "Shop_categories\Services\CategoryService::getCategory" is not a callable method
[Fri, 22 Feb 19 15:46:30 +0000][ERROR] Method "Shop_categories\Services\CategoryService::getCategory" is not a callable method
[Fri, 22 Feb 19 15:46:31 +0000][ERROR] Method "Shop_categories\Services\CategoryService::getCategory" is not a callable method
[Fri, 22 Feb 19 15:50:45 +0000][ERROR] Method "Shop_categories\Services\CategoryService::getCategory" is not a callable method
[Fri, 22 Feb 19 15:51:30 +0000][ERROR] No data source available for categories
[Fri, 22 Feb 19 15:52:38 +0000][ERROR] No data source available for categories
[Fri, 22 Feb 19 15:54:10 +0000][ERROR] No data source available for categories
[Fri, 22 Feb 19 15:56:42 +0000][ERROR] Too few arguments to function Shop_categories\Modules\Cli\Module::Shop_categories\Modules\Cli\{closure}(), 0 passed and exactly 1 expected
[Fri, 22 Feb 19 15:57:16 +0000][ERROR] Too few arguments to function Shop_categories\Modules\Cli\Module::Shop_categories\Modules\Cli\{closure}(), 0 passed and exactly 1 expected
[Fri, 22 Feb 19 15:57:58 +0000][ERROR] Category not found
[Fri, 22 Feb 19 16:03:43 +0000][ERROR] Argument 4 passed to Shop_categories\Modules\Cli\RequestHandler\RequestHandler::__construct() must be of the type array, null given, called in /var/www/html/shop_categories/app/modules/cli/tasks/ConsumerTask.php on line 49
[Fri, 22 Feb 19 16:04:08 +0000][ERROR] Argument 4 passed to Shop_categories\Modules\Cli\RequestHandler\RequestHandler::__construct() must be of the type array, null given, called in /var/www/html/shop_categories/app/modules/cli/tasks/ConsumerTask.php on line 49
[Fri, 22 Feb 19 16:04:39 +0000][ERROR] Too few arguments to function Shop_categories\Modules\Cli\Module::Shop_categories\Modules\Cli\{closure}(), 0 passed and exactly 1 expected
[Fri, 22 Feb 19 16:04:56 +0000][ERROR] Argument 1 passed to Shop_categories\Services\CategoryService::setVendorId() must be of the type string, null given, called in /var/www/html/shop_categories/app/modules/cli/Module.php on line 38
[Fri, 22 Feb 19 16:05:21 +0000][ERROR] Return value of Shop_categories\Services\CategoryService::getVendorId() must be of the type string, null returned
[Fri, 22 Feb 19 16:05:38 +0000][ERROR] Argument 1 passed to Shop_categories\Services\CategoryService::setVendorId() must be of the type string, null given, called in /var/www/html/shop_categories/app/modules/cli/Module.php on line 38
[Fri, 22 Feb 19 16:06:00 +0000][ERROR] Too few arguments to function Shop_categories\Modules\Cli\Module::Shop_categories\Modules\Cli\{closure}(), 0 passed and exactly 1 expected
[Fri, 22 Feb 19 16:07:31 +0000][ERROR] Category not found
[Fri, 22 Feb 19 16:08:29 +0000][ERROR] Category not found
[Fri, 22 Feb 19 16:13:09 +0000][ERROR] Service 'categorys' wasn't found in the dependency injection container
[Fri, 22 Feb 19 16:13:48 +0000][ERROR] Service 'categorys' wasn't found in the dependency injection container
[Fri, 22 Feb 19 16:14:18 +0000][ERROR] Service 'categorys' wasn't found in the dependency injection container
[Fri, 22 Feb 19 16:17:36 +0000][ERROR] Method "Shop_categories\Services\CategoryService::getCategorys" is not a callable method
[Fri, 22 Feb 19 16:43:29 +0000][ERROR] syntax error, unexpected '}', expecting identifier (T_STRING) or variable (T_VARIABLE) or '{' or '$'
[Sat, 23 Feb 19 16:48:23 +0000][ERROR] Class 'Shop_categories\RequestHandler\Queue\QueueRequestHandler' not found
[Sat, 23 Feb 19 16:50:07 +0000][ERROR] Call to a member function basic_publish() on null
[Sat, 23 Feb 19 16:51:46 +0000][ERROR] Call to a member function basic_publish() on null
[Sat, 23 Feb 19 16:52:47 +0000][ERROR] Argument 2 passed to Shop_categories\Modules\Cli\RequestHandler\AsyncRequestHandler::__construct() must be of the type array, string given, called in /var/www/html/shop_categories/app/modules/cli/tasks/ConsumerTask.php on line 90
[Sat, 23 Feb 19 16:53:37 +0000][ERROR] Argument 2 passed to Shop_categories\Modules\Cli\RequestHandler\AsyncRequestHandler::__construct() must be of the type array, string given, called in /var/www/html/shop_categories/app/modules/cli/tasks/ConsumerTask.php on line 90
[Sat, 23 Feb 19 16:54:08 +0000][ERROR] Argument 2 passed to Shop_categories\Modules\Cli\RequestHandler\AsyncRequestHandler::__construct() must be of the type array, string given, called in /var/www/html/shop_categories/app/modules/cli/tasks/ConsumerTask.php on line 90
[Sat, 23 Feb 19 16:55:24 +0000][ERROR] Argument 2 passed to Shop_categories\Modules\Cli\RequestHandler\AsyncRequestHandler::__construct() must be of the type array, string given, called in /var/www/html/shop_categories/app/modules/cli/tasks/ConsumerTask.php on line 90
[Sat, 23 Feb 19 16:55:59 +0000][ERROR] add\nArray
[Sat, 23 Feb 19 16:57:52 +0000][ERROR] {"command":"add","arguments":{"title":"General","url":null,"id":"d0037181-45fa-4ffa-b577-706313b50721"}}
[Sat, 23 Feb 19 16:59:02 +0000][ERROR] {"command":"add","arguments":{"title":"General","url":null,"id":"36d7e68d-dd8b-428d-b2fa-e36053e32ce7"}}
[Sat, 23 Feb 19 17:02:22 +0000][ERROR] {"command":"add","arguments":{"title":"General","url":null,"id":"890f7f39-e254-4e90-bb77-88a5549163bb"}}
[Sat, 23 Feb 19 17:02:49 +0000][ERROR] {"command":"add","arguments":{"title":"General","url":null,"id":"d0258e46-7011-4cbc-b2a6-169a346ed87d"}}
[Sat, 23 Feb 19 17:04:11 +0000][ERROR] {"command":"add","arguments":{"title":"General","url":null,"id":"933d5e36-4bb3-4bf4-b5c9-b0f1b5af4a90"}}
[Sat, 23 Feb 19 17:04:34 +0000][ERROR] {"command":"add","arguments":{"title":"General","url":null,"id":"2a9a2971-3c30-4fbb-8faa-e516a3966e54"}}
[Sat, 23 Feb 19 17:05:19 +0000][ERROR] {"command":"add","arguments":{"title":"General","url":null,"id":"4ad4addd-1c6e-431b-90b6-e13e54c4f0dd"}}
[Sat, 23 Feb 19 17:09:20 +0000][ERROR] {"command":"add","arguments":{"title":"General","url":null,"id":"6b7c66ac-0662-4847-87cb-058e20de89d7"}}
[Sat, 23 Feb 19 17:09:56 +0000][ERROR] {"command":"add","arguments":{"title":"General","url":null,"id":"92d9906d-613c-4461-8305-0a3f0d1a60c0"}}
[Sat, 23 Feb 19 17:10:53 +0000][ERROR] {"command":"add","arguments":{"title":"General","url":null,"id":"b1dd94de-7517-4877-81ee-dd0ae0921448"}}
[Sat, 23 Feb 19 17:17:15 +0000][ERROR] {"command":"add","arguments":{"title":"General","url":null,"id":"8734c772-c8ad-4951-9dd1-531408b5d286"}}
[Tue, 26 Feb 19 18:43:46 +0000][ERROR] SQLSTATE[HY000] [2002] Connection refused
[Tue, 26 Feb 19 18:45:12 +0000][ERROR] Service 'cache' wasn't found in the dependency injection container
[Tue, 26 Feb 19 18:45:33 +0000][ERROR] Argument 1 passed to Ehann\RediSearch\RediSearchRedisClient::__construct() must implement interface Ehann\RedisRaw\RedisRawClientInterface, null given, called in /var/www/html/shop_categories/app/common/library/vendor/ethanhann/redisearch-php/src/AbstractIndex.php on line 16
[Tue, 26 Feb 19 18:45:57 +0000][ERROR] Argument 1 passed to Ehann\RediSearch\RediSearchRedisClient::__construct() must implement interface Ehann\RedisRaw\RedisRawClientInterface, null given, called in /var/www/html/shop_categories/app/common/library/vendor/ethanhann/redisearch-php/src/AbstractIndex.php on line 16
[Tue, 26 Feb 19 18:46:05 +0000][ERROR] Argument 1 passed to Ehann\RediSearch\RediSearchRedisClient::__construct() must implement interface Ehann\RedisRaw\RedisRawClientInterface, null given, called in /var/www/html/shop_categories/app/common/library/vendor/ethanhann/redisearch-php/src/AbstractIndex.php on line 16
[Tue, 26 Feb 19 18:46:12 +0000][ERROR] Argument 1 passed to Ehann\RediSearch\RediSearchRedisClient::__construct() must implement interface Ehann\RedisRaw\RedisRawClientInterface, null given, called in /var/www/html/shop_categories/app/common/library/vendor/ethanhann/redisearch-php/src/AbstractIndex.php on line 16
[Tue, 26 Feb 19 18:48:18 +0000][ERROR] Argument 1 passed to Ehann\RediSearch\AbstractIndex::__construct() must be an instance of Ehann\RedisRaw\RedisRawClientInterface or null, instance of Redis given, called in /var/www/html/shop_categories/app/config/services.php on line 145
[Tue, 26 Feb 19 18:50:08 +0000][ERROR] SQLSTATE[HY000] [2002] Connection refused
[Tue, 26 Feb 19 18:50:31 +0000][ERROR] SQLSTATE[HY000] [2002] Connection refused
[Tue, 26 Feb 19 18:52:54 +0000][ERROR] {"command":"add","arguments":{"title":"General","url":null,"id":"540b86bf-4715-4d73-8219-f48381d9a437"}}
[Tue, 26 Feb 19 18:54:37 +0000][ERROR] {"command":"add","arguments":{"title":"General","url":null,"id":"c62dd494-fa6b-4e5d-a660-5a3623e40fd9"}}
[Tue, 26 Feb 19 18:58:16 +0000][ERROR] {"command":"add","arguments":{"title":"General","url":null,"id":"fd96728f-7a44-429b-824e-a058aab524dd"}}
[Tue, 26 Feb 19 19:00:59 +0000][ERROR] {"command":"add","arguments":{"title":"General","url":null,"id":"01e2adf1-6833-4b53-86e6-05c7dc61770d"}}
[Tue, 26 Feb 19 19:01:47 +0000][ERROR] {"command":"add","arguments":{"title":"General","url":null,"id":"98bf9466-2d2d-4870-ae0c-e8449dd395a2"}}
[Tue, 26 Feb 19 19:02:16 +0000][ERROR] {"command":"add","arguments":{"title":"General","url":null,"id":"4e405394-afe4-495a-8b75-958d181c0c9e"}}
[Tue, 26 Feb 19 19:03:09 +0000][ERROR] {"command":"add","arguments":{"title":"General","url":null,"id":"07926ce1-e007-4ec5-b3b6-e5a33044b19a"}}
[Tue, 26 Feb 19 19:04:30 +0000][ERROR] {"command":"add","arguments":{"title":"General","url":null,"id":"14484877-d71c-4642-8d81-8cb2d55631e3"}}
[Tue, 26 Feb 19 19:04:30 +0000][ERROR] Phalcon\Cli\Dispatcher
[Wed, 27 Feb 19 10:09:22 +0000][ERROR] {"command":"add","arguments":{"title":"General","url":null,"id":"e1fd9289-ae26-4632-99f9-457762edfb6d"}}
[Wed, 27 Feb 19 10:09:49 +0000][ERROR] {"command":"add","arguments":{"title":"General","url":null,"id":"32c37057-0d7c-42f2-a37b-2fb5732aaabe"}}
[Wed, 27 Feb 19 10:16:55 +0000][ERROR] {"command":"add","arguments":{"title":"General","url":null,"id":"a432750b-ee38-4ccd-8e85-e9b3a88f647c"}}
[Wed, 27 Feb 19 10:16:55 +0000][ERROR] Argument 1 passed to Shop_categories\Modules\Cli\Services\IndexingService::add() must be of the type array, string given
[Wed, 27 Feb 19 10:17:48 +0000][ERROR] {"command":"add","arguments":{"title":"General","url":null,"id":"95fcbd6f-4cfc-4d19-853e-85c075971405"}}
[Wed, 27 Feb 19 10:17:48 +0000][ERROR] {"title":"General","url":null,"id":"95fcbd6f-4cfc-4d19-853e-85c075971405"}
[Wed, 27 Feb 19 10:17:48 +0000][ERROR] Argument 1 passed to Shop_categories\Modules\Cli\Services\IndexingService::add() must be of the type array, string given
[Wed, 27 Feb 19 10:18:50 +0000][ERROR] {"command":"add","arguments":{"title":"General","url":null,"id":"b4a96ea1-b653-4d72-a189-c12a9cad2f40"}}
[Wed, 27 Feb 19 10:18:56 +0000][ERROR] {"title":"General","url":null,"id":"b4a96ea1-b653-4d72-a189-c12a9cad2f40"}
[Wed, 27 Feb 19 10:19:02 +0000][ERROR] Argument 1 passed to Shop_categories\Modules\Cli\Services\IndexingService::add() must be of the type array, string given
[Wed, 27 Feb 19 10:20:51 +0000][ERROR] {"command":"add","arguments":{"title":"General","url":null,"id":"52073bdc-54d1-46f4-88b5-6159c250f011"}}
[Wed, 27 Feb 19 10:20:51 +0000][ERROR] {"title":"General","url":null,"id":"52073bdc-54d1-46f4-88b5-6159c250f011"}
[Wed, 27 Feb 19 10:20:51 +0000][ERROR] Argument 1 passed to Shop_categories\Modules\Cli\Services\IndexingService::add() must be of the type array, string given
[Wed, 27 Feb 19 10:33:24 +0000][ERROR] {"title":"General","url":null,"id":"68d21c9d-278d-4268-be9a-8caa0100e431"}
[Wed, 27 Feb 19 10:33:24 +0000][ERROR] Argument 1 passed to Shop_categories\Modules\Cli\Services\IndexingService::add() must be of the type array, string given
[Wed, 27 Feb 19 10:36:44 +0000][ERROR] {"command":"add","arguments":{"title":"General","url":null,"id":"b3d92ee7-675d-4872-a254-2677f093982f"}}
[Wed, 27 Feb 19 10:36:44 +0000][ERROR] Argument 1 passed to Shop_categories\Modules\Cli\Services\IndexingService::add() must be of the type array, string given
[Wed, 27 Feb 19 10:38:55 +0000][ERROR] {"command":"add","arguments":{"title":"General","url":null,"id":"258311fd-63b3-4a2e-86c2-8b11edb6c313"}}
[Wed, 27 Feb 19 10:39:56 +0000][ERROR] Argument 1 passed to Shop_categories\Modules\Cli\Services\IndexingService::add() must be of the type array, string given
[Wed, 27 Feb 19 10:46:02 +0000][ERROR] {"command":"add","arguments":{"title":"General","url":null,"id":"f4499237-2a75-4f67-b41c-ef2e780219bf"}}
[Wed, 27 Feb 19 10:46:20 +0000][ERROR] Argument 1 passed to Shop_categories\Modules\Cli\Services\IndexingService::add() must be of the type array, string given
[Wed, 27 Feb 19 10:49:35 +0000][ERROR] {"command":"add","arguments":{"title":"General","url":null,"id":"0803b107-97fd-45cc-8715-5c05ab21ded1"}}
[Wed, 27 Feb 19 10:50:58 +0000][ERROR] {"command":"add","arguments":{"title":"General","url":null,"id":"279cc0f7-e647-4009-9a00-d1f666c27692"}}
[Wed, 27 Feb 19 10:50:58 +0000][ERROR] Argument 1 passed to Shop_categories\Modules\Cli\Services\IndexingService::add() must be of the type array, string given
[Wed, 27 Feb 19 10:52:52 +0000][ERROR] {"command":"add","arguments":{"title":"General","url":null,"id":"ea87ebd6-d394-4d8a-97e0-a99d4febb80e"}}
[Wed, 27 Feb 19 10:53:22 +0000][ERROR] {"command":"add","arguments":{"title":"General","url":null,"id":"75d2c2ab-6267-477a-a3e4-ac11cf8ebaf2"}}
[Wed, 27 Feb 19 10:53:32 +0000][ERROR] Using $this when not in object context
[Wed, 27 Feb 19 12:24:59 +0000][ERROR] Category not found
[Wed, 27 Feb 19 12:25:17 +0000][ERROR] Category not found
[Wed, 27 Feb 19 14:32:23 +0000][ERROR] Call to a member function basic_ack() on null
[Wed, 27 Feb 19 14:32:25 +0000][ERROR] Call to a member function basic_ack() on null
[Wed, 27 Feb 19 14:32:42 +0000][ERROR] Call to a member function basic_ack() on null
[Wed, 27 Feb 19 14:41:46 +0000][ERROR] Argument 1 passed to Shop_categories\Modules\Cli\Services\IndexingService::add() must be of the type array, string given
[Wed, 27 Feb 19 14:45:38 +0000][ERROR] Argument 3 passed to Shop_categories\Modules\Cli\Services\IndexingService::add() must be of the type string, null given
[Wed, 27 Feb 19 14:46:18 +0000][ERROR] Missing arguments
[Wed, 27 Feb 19 14:46:37 +0000][ERROR] The Redis client threw an exception. See the inner exception for details.
[Wed, 27 Feb 19 14:47:20 +0000][ERROR] The Redis client threw an exception. See the inner exception for details.
[Wed, 27 Feb 19 14:57:56 +0000][ERROR] The Redis client threw an exception. See the inner exception for details.
[Wed, 27 Feb 19 14:59:09 +0000][ERROR] Argument 2 passed to Shop_categories\Redis\DocumentMapper::makeDocument() must be of the type string, null given, called in /var/www/html/shop_categories/app/modules/cli/services/IndexingService.php on line 61
[Wed, 27 Feb 19 15:06:37 +0000][ERROR] Service 'cache' wasn't found in the dependency injection container
[Wed, 27 Feb 19 15:07:59 +0000][ERROR] Service 'cache' wasn't found in the dependency injection container
[Wed, 27 Feb 19 15:08:28 +0000][ERROR] Argument 2 passed to Shop_categories\Redis\DocumentMapper::makeDocument() must be of the type string, null given, called in /var/www/html/shop_categories/app/modules/cli/services/IndexingService.php on line 61
[Wed, 27 Feb 19 15:09:38 +0000][ERROR] Call to a member function setValue() on null
[Wed, 27 Feb 19 16:08:08 +0000][ERROR] Call to undefined method or service 'getPhpRedisCache'
[Wed, 27 Feb 19 16:59:33 +0000][ERROR] Service 'cache_index' wasn't found in the dependency injection container
[Wed, 27 Feb 19 17:00:37 +0000][ERROR] Argument 1 passed to Ehann\RediSearch\AbstractIndex::__construct() must implement interface Ehann\RedisRaw\RedisRawClientInterface or be null, instance of Redis given, called in /var/www/html/shop_categories/app/config/services.php on line 170
[Wed, 27 Feb 19 17:03:12 +0000][ERROR] Argument 1 passed to Ehann\RediSearch\AbstractIndex::__construct() must implement interface Ehann\RedisRaw\RedisRawClientInterface or be null, instance of Redis given, called in /var/www/html/shop_categories/app/config/services.php on line 170
[Wed, 27 Feb 19 17:04:36 +0000][ERROR] Argument 1 passed to Ehann\RediSearch\AbstractIndex::__construct() must implement interface Ehann\RedisRaw\RedisRawClientInterface or be null, instance of Redis given, called in /var/www/html/shop_categories/app/config/services.php on line 170
[Wed, 27 Feb 19 17:05:14 +0000][ERROR] Argument 1 passed to Ehann\RediSearch\AbstractIndex::__construct() must implement interface Ehann\RedisRaw\RedisRawClientInterface or be null, instance of Redis given, called in /var/www/html/shop_categories/app/config/services.php on line 170
[Wed, 27 Feb 19 17:09:40 +0000][ERROR] Argument 1 passed to Ehann\RediSearch\AbstractIndex::__construct() must implement interface Ehann\RedisRaw\RedisRawClientInterface or be null, instance of Redis given, called in /var/www/html/shop_categories/app/config/services.php on line 130
[Wed, 27 Feb 19 17:11:32 +0000][ERROR] Argument 1 passed to Ehann\RediSearch\AbstractIndex::__construct() must implement interface Ehann\RedisRaw\RedisRawClientInterface or be null, instance of Redis given, called in /var/www/html/shop_categories/app/config/services.php on line 130
[Wed, 27 Feb 19 17:24:07 +0000][ERROR] Call to a member function exists() on null
[Wed, 27 Feb 19 19:04:41 +0000][ERROR] No categories found
[Wed, 27 Feb 19 19:07:44 +0000][ERROR] No categories found
[Thu, 28 Feb 19 18:49:48 +0000][ERROR] No categories found
[Thu, 28 Feb 19 18:51:24 +0000][ERROR] No roots found
[Thu, 28 Feb 19 18:53:23 +0000][ERROR] No roots found
[Thu, 28 Feb 19 18:53:38 +0000][ERROR] Category not found
[Thu, 28 Feb 19 18:54:05 +0000][ERROR] No categories found
[Thu, 28 Feb 19 18:55:10 +0000][ERROR] No roots found
[Thu, 28 Feb 19 19:08:55 +0000][ERROR] Category not found or maybe deleted
[Fri, 01 Mar 19 13:56:36 +0000][ERROR] Class 'Shop_categories\common\enums\LanguagesEnum' not found
[Fri, 01 Mar 19 13:56:50 +0000][ERROR] Class 'Shop_categories\common\enums\LanguagesEnum' not found
[Sat, 02 Mar 19 15:28:38 +0000][ERROR] Return value of Shop_categories\Services\CategoryService::getVendorId() must be of the type string, null returned
[Sun, 03 Mar 19 21:26:46 +0000][ERROR] {"name":"Category name should not exceed 100 characters"}
[Wed, 06 Mar 19 20:35:20 +0000][ERROR] Model of record must be set to property "model"
[Wed, 06 Mar 19 20:35:40 +0000][ERROR] Model of record must be set to property "model"
[Wed, 06 Mar 19 20:36:20 +0000][ERROR] {"categoryTinyName":"categoryTinyName is required"}
[Wed, 06 Mar 19 20:37:08 +0000][ERROR] {"categoryTinyName":"categoryTinyName is required"}
[Wed, 06 Mar 19 20:38:59 +0000][ERROR] {"categoryTinyName":"categoryTinyName is required"}
[Wed, 06 Mar 19 20:40:53 +0000][ERROR] {"categoryTinyName":"categoryTinyName is required"}
[Wed, 06 Mar 19 20:41:15 +0000][ERROR] {"categoryTinyName":"categoryTinyName is required"}
[Wed, 06 Mar 19 20:41:39 +0000][ERROR] Model of record must be set to property "model"
[Wed, 06 Mar 19 21:00:51 +0000][ERROR] {"name":"Invalid category name"}
[Wed, 06 Mar 19 21:38:06 +0000][ERROR] {"name":"Category name should be in English only"}
[Wed, 06 Mar 19 21:40:53 +0000][ERROR] {"name":"Category name should be in English only"}
[Wed, 06 Mar 19 21:41:53 +0000][ERROR] {"name":"We only support English category name"}
[Wed, 06 Mar 19 21:42:24 +0000][ERROR] {"name":"We only support English category name"}
[Fri, 08 Mar 19 13:26:50 +0000][ERROR] No attributes found
[Fri, 08 Mar 19 14:16:06 +0000][ERROR] Call to undefined method Shop_categories\RequestHandler\Attribute\CreateRequestHandler::getConditions()
[Fri, 08 Mar 19 14:17:24 +0000][ERROR] Call to undefined method Shop_categories\RequestHandler\Attribute\CreateRequestHandler::getConditions()
[Fri, 08 Mar 19 14:17:39 +0000][ERROR] Call to undefined method Shop_categories\RequestHandler\Attribute\CreateRequestHandler::getConditions()
[Fri, 08 Mar 19 14:17:50 +0000][ERROR] Attribute 5c82798ee4895300144e8a92 not added/updated in cache.
[Fri, 08 Mar 19 14:18:23 +0000][ERROR] {"attribute_name":"Category already contains this attribute"}
[Fri, 08 Mar 19 14:18:40 +0000][ERROR] {"attribute_name":"Category already contains this attribute"}
[Fri, 08 Mar 19 14:18:58 +0000][ERROR] {"values":"You must provide a unique values","attribute_name":"Category already contains this attribute"}
[Fri, 08 Mar 19 14:19:17 +0000][ERROR] {"attribute_name":"Category already contains this attribute"}
[Fri, 08 Mar 19 14:20:14 +0000][ERROR] {"attribute_name":"Category already contains this attribute"}
[Fri, 08 Mar 19 14:21:28 +0000][ERROR] Attribute 5c827a68e4895300144e8a93 not added/updated in cache.
[Fri, 08 Mar 19 14:35:52 +0000][ERROR] {"categoryId":"Invalid category id"}
[Fri, 08 Mar 19 15:00:47 +0000][ERROR] Argument 2 passed to Shop_categories\Modules\Cli\Request\Handler::__construct() must be of the type array, string given, called in /var/www/html/shop_categories/app/modules/cli/tasks/ConsumerTask.php on line 47
[Fri, 08 Mar 19 15:03:06 +0000][ERROR] Argument 2 passed to Shop_categories\Modules\Cli\Request\Handler::__construct() must be of the type array, string given, called in /var/www/html/shop_categories/app/modules/cli/tasks/ConsumerTask.php on line 47
[Fri, 08 Mar 19 15:06:17 +0000][ERROR] Argument 2 passed to Shop_categories\Modules\Cli\Request\Handler::__construct() must be of the type array, string given, called in /var/www/html/shop_categories/app/modules/cli/tasks/ConsumerTask.php on line 47
[Fri, 08 Mar 19 15:09:16 +0000][ERROR] Category not found
[Fri, 08 Mar 19 15:13:11 +0000][ERROR] Category not found
[Fri, 08 Mar 19 15:13:42 +0000][ERROR] Category not found
[Fri, 15 Mar 19 10:25:22 +0000][ERROR] Return value of Shop_categories\Services\CategoryService::getVendorId() must be of the type string, null returned
[Fri, 15 Mar 19 10:38:39 +0000][ERROR] Argument 1 passed to Ehann\RediSearch\RediSearchRedisClient::__construct() must implement interface Ehann\RedisRaw\RedisRawClientInterface, null given, called in /var/www/html/shop_categories/app/common/library/vendor/ethanhann/redisearch-php/src/AbstractIndex.php on line 16
[Fri, 15 Mar 19 11:58:59 +0000][ERROR] data source is not available
[Fri, 15 Mar 19 11:59:10 +0000][ERROR] no data source is available
[Fri, 15 Mar 19 13:12:01 +0000][ERROR] Return value of Shop_categories\Services\SearchService::search() must be of the type array, object returned
[Fri, 15 Mar 19 13:45:50 +0000][ERROR] Model of record must be set to property "model"
[Fri, 15 Mar 19 13:46:02 +0000][ERROR] Model of record must be set to property "model"
[Fri, 15 Mar 19 13:48:01 +0000][ERROR] SQLSTATE[23000]: Integrity constraint violation: 1062 Duplicate entry '9cde9748-b010-4767-9e89-566bf98f1833-Women Apparels' for key 'category_name_uindex'
[Fri, 15 Mar 19 13:48:37 +0000][ERROR] SQLSTATE[23000]: Integrity constraint violation: 1062 Duplicate entry '9cde9748-b010-4767-9e89-566bf98f1833-Women Apparels' for key 'category_name_uindex'
[Fri, 15 Mar 19 13:48:38 +0000][ERROR] SQLSTATE[23000]: Integrity constraint violation: 1062 Duplicate entry '9cde9748-b010-4767-9e89-566bf98f1833-Women Apparels' for key 'category_name_uindex'
[Fri, 15 Mar 19 13:48:39 +0000][ERROR] SQLSTATE[23000]: Integrity constraint violation: 1062 Duplicate entry '9cde9748-b010-4767-9e89-566bf98f1833-Women Apparels' for key 'category_name_uindex'
[Fri, 15 Mar 19 13:49:01 +0000][ERROR] SQLSTATE[23000]: Integrity constraint violation: 1062 Duplicate entry '9cde9748-b010-4767-9e89-566bf98f1833-Women Apparels' for key 'category_name_uindex'
[Fri, 15 Mar 19 13:49:15 +0000][ERROR] SQLSTATE[23000]: Integrity constraint violation: 1062 Duplicate entry '9cde9748-b010-4767-9e89-566bf98f1833-Women Apparels' for key 'category_name_uindex'
[Fri, 15 Mar 19 13:50:10 +0000][ERROR] Model of record must be set to property "model"
[Fri, 15 Mar 19 13:50:24 +0000][ERROR] SQLSTATE[23000]: Integrity constraint violation: 1062 Duplicate entry '9cde9748-b010-4767-9e89-566bf98f1833-Women Apparels' for key 'category_name_uindex'
[Fri, 15 Mar 19 13:50:31 +0000][ERROR] SQLSTATE[23000]: Integrity constraint violation: 1062 Duplicate entry '9cde9748-b010-4767-9e89-566bf98f1833-Women Apparels' for key 'category_name_uindex'
[Fri, 15 Mar 19 13:55:03 +0000][ERROR] SQLSTATE[23000]: Integrity constraint violation: 1062 Duplicate entry '9cde9748-b010-4767-9e89-566bf98f1833-Women Apparels' for key 'category_name_uindex'
[Fri, 15 Mar 19 13:56:04 +0000][ERROR] SQLSTATE[23000]: Integrity constraint violation: 1062 Duplicate entry '9cde9748-b010-4767-9e89-566bf98f1833-Women Apparels' for key 'category_name_uindex'
[Fri, 15 Mar 19 13:56:05 +0000][ERROR] SQLSTATE[23000]: Integrity constraint violation: 1062 Duplicate entry '9cde9748-b010-4767-9e89-566bf98f1833-Women Apparels' for key 'category_name_uindex'
[Fri, 15 Mar 19 13:56:09 +0000][ERROR] SQLSTATE[23000]: Integrity constraint violation: 1062 Duplicate entry '9cde9748-b010-4767-9e89-566bf98f1833-Women Apparels' for key 'category_name_uindex'
[Fri, 15 Mar 19 13:56:24 +0000][ERROR] SQLSTATE[23000]: Integrity constraint violation: 1062 Duplicate entry '9cde9748-b010-4767-9e89-566bf98f1833-Women Apparels' for key 'category_name_uindex'
[Fri, 15 Mar 19 13:59:41 +0000][ERROR] SQLSTATE[23000]: Integrity constraint violation: 1062 Duplicate entry '9cde9748-b010-4767-9e89-566bf98f1833-Women Apparels' for key 'category_name_uindex'
[Fri, 15 Mar 19 14:00:00 +0000][ERROR] Cannot use object of type Shop_categories\Models\Category as array
[Fri, 15 Mar 19 14:00:33 +0000][ERROR] Cannot use object of type Shop_categories\Models\Category as array
[Fri, 15 Mar 19 14:02:33 +0000][ERROR] Cannot use object of type Shop_categories\Models\Category as array
[Fri, 15 Mar 19 14:02:44 +0000][ERROR] Argument 1 passed to Phalcon\Mvc\Model::validate() must implement interface Phalcon\ValidationInterface, array given
[Fri, 15 Mar 19 14:02:56 +0000][ERROR] SQLSTATE[23000]: Integrity constraint violation: 1062 Duplicate entry '9cde9748-b010-4767-9e89-566bf98f1833-Women Apparels' for key 'category_name_uindex'
[Fri, 15 Mar 19 14:03:13 +0000][ERROR] SQLSTATE[23000]: Integrity constraint violation: 1062 Duplicate entry '9cde9748-b010-4767-9e89-566bf98f1833-Women Apparels' for key 'category_name_uindex'
[Fri, 15 Mar 19 14:03:15 +0000][ERROR] SQLSTATE[23000]: Integrity constraint violation: 1062 Duplicate entry '9cde9748-b010-4767-9e89-566bf98f1833-Women Apparels' for key 'category_name_uindex'
[Fri, 15 Mar 19 14:03:39 +0000][ERROR] SQLSTATE[23000]: Integrity constraint violation: 1062 Duplicate entry '9cde9748-b010-4767-9e89-566bf98f1833-Women Apparels' for key 'category_name_uindex'
[Fri, 15 Mar 19 14:04:05 +0000][ERROR] SQLSTATE[23000]: Integrity constraint violation: 1062 Duplicate entry '9cde9748-b010-4767-9e89-566bf98f1833-Women Apparels' for key 'category_name_uindex'
[Fri, 15 Mar 19 14:05:07 +0000][ERROR] Value conversion must return an array
[Fri, 15 Mar 19 14:05:19 +0000][ERROR] SQLSTATE[23000]: Integrity constraint violation: 1062 Duplicate entry '9cde9748-b010-4767-9e89-566bf98f1833-Women Apparels' for key 'category_name_uindex'
[Fri, 15 Mar 19 14:05:41 +0000][ERROR] SQLSTATE[23000]: Integrity constraint violation: 1062 Duplicate entry '9cde9748-b010-4767-9e89-566bf98f1833-Women Apparels' for key 'category_name_uindex'
[Fri, 15 Mar 19 14:06:02 +0000][ERROR] SQLSTATE[23000]: Integrity constraint violation: 1062 Duplicate entry '9cde9748-b010-4767-9e89-566bf98f1833-Women Apparels' for key 'category_name_uindex'
[Fri, 15 Mar 19 14:06:03 +0000][ERROR] SQLSTATE[23000]: Integrity constraint violation: 1062 Duplicate entry '9cde9748-b010-4767-9e89-566bf98f1833-Women Apparels' for key 'category_name_uindex'
[Fri, 15 Mar 19 14:06:17 +0000][ERROR] []
[Fri, 15 Mar 19 14:07:02 +0000][ERROR] SQLSTATE[23000]: Integrity constraint violation: 1062 Duplicate entry '9cde9748-b010-4767-9e89-566bf98f1833-Women Apparels' for key 'category_name_uindex'
[Fri, 15 Mar 19 14:07:37 +0000][ERROR] SQLSTATE[23000]: Integrity constraint violation: 1062 Duplicate entry '9cde9748-b010-4767-9e89-566bf98f1833-Women Apparels' for key 'category_name_uindex'
[Fri, 15 Mar 19 14:08:12 +0000][ERROR] SQLSTATE[23000]: Integrity constraint violation: 1062 Duplicate entry '9cde9748-b010-4767-9e89-566bf98f1833-Women Apparels' for key 'category_name_uindex'
[Fri, 15 Mar 19 14:08:24 +0000][ERROR] SQLSTATE[23000]: Integrity constraint violation: 1062 Duplicate entry '9cde9748-b010-4767-9e89-566bf98f1833-Women Apparels' for key 'category_name_uindex'
[Fri, 15 Mar 19 14:09:22 +0000][ERROR] SQLSTATE[23000]: Integrity constraint violation: 1062 Duplicate entry '9cde9748-b010-4767-9e89-566bf98f1833-Women Apparels' for key 'category_name_uindex'
[Fri, 15 Mar 19 15:50:54 +0000][ERROR] SQLSTATE[23000]: Integrity constraint violation: 1062 Duplicate entry '9cde9748-b010-4767-9e89-566bf98f1833-Women Apparels' for key 'category_name_uindex'
[Fri, 15 Mar 19 15:52:58 +0000][ERROR] SQLSTATE[23000]: Integrity constraint violation: 1062 Duplicate entry '9cde9748-b010-4767-9e89-566bf98f1833-Women Apparels' for key 'category_name_uindex'
[Fri, 15 Mar 19 15:55:44 +0000][ERROR] Argument 1 passed to Phalcon\Mvc\Model::validate() must implement interface Phalcon\ValidationInterface, instance of Phalcon\Mvc\Model\Validator\Uniqueness given
[Fri, 15 Mar 19 15:56:31 +0000][ERROR] Argument 1 passed to Phalcon\Mvc\Model::validate() must implement interface Phalcon\ValidationInterface, instance of Phalcon\Validation\Validator\Uniqueness given
[Fri, 15 Mar 19 15:57:32 +0000][ERROR] SQLSTATE[42S22]: Column not found: 1054 Unknown column 'categoryVendorId' in 'where clause'
[Fri, 15 Mar 19 15:58:05 +0000][ERROR] SQLSTATE[23000]: Integrity constraint violation: 1062 Duplicate entry '9cde9748-b010-4767-9e89-566bf98f1833-Women Apparels' for key 'category_name_uindex'
[Fri, 15 Mar 19 15:58:14 +0000][ERROR] SQLSTATE[23000]: Integrity constraint violation: 1062 Duplicate entry '9cde9748-b010-4767-9e89-566bf98f1833-Women Apparels' for key 'category_name_uindex'
[Fri, 15 Mar 19 15:58:35 +0000][ERROR] SQLSTATE[42S22]: Column not found: 1054 Unknown column 'categoryVendorId' in 'where clause'
[Fri, 15 Mar 19 16:01:16 +0000][ERROR] Model of record must be set to property "model"
[Fri, 15 Mar 19 16:01:21 +0000][ERROR] SQLSTATE[23000]: Integrity constraint violation: 1062 Duplicate entry '9cde9748-b010-4767-9e89-566bf98f1833-Women Apparels' for key 'category_name_uindex'
[Fri, 15 Mar 19 16:01:25 +0000][ERROR] SQLSTATE[23000]: Integrity constraint violation: 1062 Duplicate entry '9cde9748-b010-4767-9e89-566bf98f1833-Women Apparels' for key 'category_name_uindex'
[Fri, 15 Mar 19 16:01:45 +0000][ERROR] Column '9cde9748' doesn't belong to any of the selected models (1), when preparing: SELECT COUNT(*) AS rowcount FROM [Shop_categories\Models\Category] WHERE 9cde9748-b010-4767-9e89-566bf98f1833 = ?0 AND 9cde9748-b010-4767-9e89-566bf98f1833 IS NULL
[Fri, 15 Mar 19 16:02:28 +0000][ERROR] []
[Fri, 15 Mar 19 16:02:46 +0000][ERROR] SQLSTATE[23000]: Integrity constraint violation: 1062 Duplicate entry '9cde9748-b010-4767-9e89-566bf98f1833-Women Apparels' for key 'category_name_uindex'
[Fri, 15 Mar 19 16:03:40 +0000][ERROR] []
[Fri, 15 Mar 19 16:04:44 +0000][ERROR] []
[Fri, 15 Mar 19 16:05:33 +0000][ERROR] []
[Fri, 15 Mar 19 16:07:50 +0000][ERROR] []
[Fri, 15 Mar 19 16:08:11 +0000][ERROR] []
[Fri, 15 Mar 19 16:08:59 +0000][ERROR] []
[Fri, 15 Mar 19 16:09:02 +0000][ERROR] []
[Fri, 15 Mar 19 16:20:19 +0000][ERROR] []
[Fri, 15 Mar 19 16:42:13 +0000][ERROR] []
[Fri, 15 Mar 19 16:43:46 +0000][ERROR] Argument 1 passed to Shop_categories\Exceptions\ArrayOfStringsException::__construct() must be of the type array, object given, called in /var/www/html/shop_categories/app/common/repositories/CategoryRepository.php on line 246
[Fri, 15 Mar 19 16:47:19 +0000][ERROR] Argument 1 passed to Shop_categories\Exceptions\ArrayOfStringsException::__construct() must be of the type array, object given, called in /var/www/html/shop_categories/app/common/repositories/CategoryRepository.php on line 246
[Fri, 15 Mar 19 16:48:42 +0000][ERROR] Cannot use object of type Phalcon\Validation\Message as array
[Fri, 15 Mar 19 16:49:46 +0000][ERROR] Cannot use object of type Phalcon\Validation\Message as array
[Fri, 15 Mar 19 16:50:27 +0000][ERROR] {"categoryName":"Field categoryName, categoryVendorId must be unique"}
[Fri, 15 Mar 19 16:50:55 +0000][ERROR] {"categoryName":"Category name already exists"}
[Fri, 15 Mar 19 16:51:33 +0000][ERROR] {"categoryName":"Category name already exists"}
[Fri, 15 Mar 19 17:12:29 +0000][ERROR] {"scope":"Field scope is required"}
[Fri, 15 Mar 19 22:01:33 +0000][ERROR] {"scope":"Field scope is required"}
[Fri, 15 Mar 19 22:02:00 +0000][ERROR] {"scope":"Field scope is required"}
[Fri, 15 Mar 19 22:03:54 +0000][ERROR] Call to undefined method Shop_categories\RequestHandler\Category\SearchRequestHandler::getKeyword()
[Fri, 15 Mar 19 22:07:48 +0000][ERROR] {"scope":"Field scope is required"}
[Fri, 15 Mar 19 22:08:04 +0000][ERROR] {"scope":"Field scope is required"}
[Fri, 15 Mar 19 22:10:19 +0000][ERROR] {"scope":"Field scope is required"}
[Fri, 15 Mar 19 22:11:10 +0000][ERROR] {"scope":"Field scope is required"}
[Fri, 15 Mar 19 22:12:58 +0000][ERROR] {"scope":"Field scope is required"}
[Fri, 15 Mar 19 22:28:29 +0000][ERROR] {"scope":"Field scope is required"}
[Fri, 15 Mar 19 22:31:07 +0000][ERROR] {"scope":"Field scope is required"}
[Fri, 15 Mar 19 22:31:19 +0000][ERROR] Argument 1 passed to Ehann\RediSearch\Suggestion::get() must be of the type string, null given, called in /var/www/html/shop_categories/app/common/services/SearchService.php on line 45
[Fri, 15 Mar 19 22:33:07 +0000][ERROR] Argument 1 passed to Ehann\RediSearch\Suggestion::get() must be of the type string, null given, called in /var/www/html/shop_categories/app/common/services/SearchService.php on line 45
[Fri, 15 Mar 19 22:33:28 +0000][ERROR] {"keyword":"Field keyword is required"}
[Fri, 15 Mar 19 22:33:44 +0000][ERROR] {"keyword":"Field keyword is required"}
[Fri, 15 Mar 19 22:34:36 +0000][ERROR] {"keyword":"Field keyword is required"}
[Fri, 15 Mar 19 22:34:53 +0000][ERROR] {"scope":"Field scope is required"}
[Fri, 15 Mar 19 22:35:26 +0000][ERROR] {"scope":"Field scope is required"}
[Fri, 15 Mar 19 22:36:49 +0000][ERROR] {"scope":"Field scope is required"}
[Fri, 15 Mar 19 23:29:06 +0000][ERROR] 
[Fri, 15 Mar 19 23:29:10 +0000][ERROR] 
[Fri, 15 Mar 19 23:29:16 +0000][ERROR] NOT_FOUND - no queue 'categories-sync' in vhost '/'
[Fri, 15 Mar 19 23:29:17 +0000][ERROR] NOT_FOUND - no queue 'categories-sync' in vhost '/'
[Fri, 15 Mar 19 23:29:19 +0000][ERROR] NOT_FOUND - no queue 'categories-sync' in vhost '/'
[Fri, 15 Mar 19 23:29:22 +0000][ERROR] NOT_FOUND - no queue 'categories-sync' in vhost '/'
[Fri, 15 Mar 19 23:29:30 +0000][ERROR] 
[Fri, 15 Mar 19 23:32:35 +0000][ERROR] NOT_FOUND - no queue 'categories-sync' in vhost '/'
[Fri, 15 Mar 19 23:32:36 +0000][ERROR] NOT_FOUND - no queue 'categories-sync' in vhost '/'
[Fri, 15 Mar 19 23:32:38 +0000][ERROR] NOT_FOUND - no queue 'categories-sync' in vhost '/'
[Fri, 15 Mar 19 23:32:41 +0000][ERROR] NOT_FOUND - no queue 'categories-sync' in vhost '/'
[Fri, 15 Mar 19 23:37:49 +0000][ERROR] NOT_FOUND - no queue 'categories-sync' in vhost '/'
[Fri, 15 Mar 19 23:37:58 +0000][ERROR] 
[Fri, 15 Mar 19 23:39:02 +0000][ERROR] NOT_FOUND - no queue 'categories-sync' in vhost '/'
[Fri, 15 Mar 19 23:41:19 +0000][ERROR] Category not found
[Fri, 15 Mar 19 23:42:45 +0000][ERROR] Category not found
[Fri, 15 Mar 19 23:43:02 +0000][ERROR] Category not found
[Fri, 15 Mar 19 23:43:26 +0000][ERROR] Category not found
[Fri, 15 Mar 19 23:44:43 +0000][ERROR] Category not found
[Fri, 15 Mar 19 23:44:56 +0000][ERROR] Category not found
[Fri, 15 Mar 19 23:45:29 +0000][ERROR] Category not found
[Fri, 15 Mar 19 23:45:32 +0000][ERROR] Category not found
[Fri, 15 Mar 19 23:45:38 +0000][ERROR] Category not found
[Fri, 15 Mar 19 23:45:38 +0000][ERROR] Category not found
[Fri, 15 Mar 19 23:45:39 +0000][ERROR] Category not found
[Fri, 15 Mar 19 23:45:40 +0000][ERROR] Category not found
[Fri, 15 Mar 19 23:45:40 +0000][ERROR] Category not found
[Fri, 15 Mar 19 23:45:41 +0000][ERROR] Category not found
[Fri, 15 Mar 19 23:45:41 +0000][ERROR] Category not found
[Fri, 15 Mar 19 23:45:42 +0000][ERROR] Category not found
[Fri, 15 Mar 19 23:45:42 +0000][ERROR] Category not found
[Fri, 15 Mar 19 23:45:43 +0000][ERROR] Category not found
[Fri, 15 Mar 19 23:45:43 +0000][ERROR] Category not found
[Fri, 15 Mar 19 23:45:44 +0000][ERROR] Category not found
[Fri, 15 Mar 19 23:45:44 +0000][ERROR] Category not found
[Fri, 15 Mar 19 23:45:44 +0000][ERROR] Category not found
[Fri, 15 Mar 19 23:45:45 +0000][ERROR] Category not found
[Fri, 15 Mar 19 23:45:45 +0000][ERROR] Category not found
[Fri, 15 Mar 19 23:45:46 +0000][ERROR] Category not found
[Fri, 15 Mar 19 23:45:55 +0000][ERROR] Category not found
[Fri, 15 Mar 19 23:45:57 +0000][ERROR] Category not found
[Fri, 15 Mar 19 23:45:58 +0000][ERROR] Category not found
[Fri, 15 Mar 19 23:45:58 +0000][ERROR] Category not found
[Fri, 15 Mar 19 23:45:59 +0000][ERROR] Category not found
[Fri, 15 Mar 19 23:45:59 +0000][ERROR] Category not found
[Fri, 15 Mar 19 23:45:59 +0000][ERROR] Category not found
[Fri, 15 Mar 19 23:46:00 +0000][ERROR] Category not found
[Fri, 15 Mar 19 23:46:00 +0000][ERROR] Category not found
[Fri, 15 Mar 19 23:46:01 +0000][ERROR] Category not found
[Fri, 15 Mar 19 23:46:01 +0000][ERROR] Category not found
[Fri, 15 Mar 19 23:46:02 +0000][ERROR] Category not found
[Fri, 15 Mar 19 23:46:02 +0000][ERROR] Category not found
[Fri, 15 Mar 19 23:46:03 +0000][ERROR] Category not found
[Fri, 15 Mar 19 23:46:03 +0000][ERROR] Category not found
[Fri, 15 Mar 19 23:46:03 +0000][ERROR] Category not found
[Fri, 15 Mar 19 23:46:04 +0000][ERROR] Category not found
[Fri, 15 Mar 19 23:46:04 +0000][ERROR] Category not found
[Fri, 15 Mar 19 23:46:05 +0000][ERROR] Category not found
[Fri, 15 Mar 19 23:46:05 +0000][ERROR] Category not found
[Fri, 15 Mar 19 23:46:05 +0000][ERROR] Category not found
[Fri, 15 Mar 19 23:46:06 +0000][ERROR] Category not found
[Fri, 15 Mar 19 23:46:06 +0000][ERROR] Category not found
[Fri, 15 Mar 19 23:46:06 +0000][ERROR] Category not found
[Fri, 15 Mar 19 23:46:07 +0000][ERROR] Category not found
[Fri, 15 Mar 19 23:46:07 +0000][ERROR] Category not found
[Fri, 15 Mar 19 23:46:08 +0000][ERROR] Category not found
[Fri, 15 Mar 19 23:46:08 +0000][ERROR] Category not found
[Fri, 15 Mar 19 23:46:08 +0000][ERROR] Category not found
[Fri, 15 Mar 19 23:46:09 +0000][ERROR] Category not found
[Fri, 15 Mar 19 23:46:09 +0000][ERROR] Category not found
[Fri, 15 Mar 19 23:46:10 +0000][ERROR] Category not found
[Fri, 15 Mar 19 23:46:10 +0000][ERROR] Category not found
[Fri, 15 Mar 19 23:46:10 +0000][ERROR] Category not found
[Fri, 15 Mar 19 23:46:11 +0000][ERROR] Category not found
[Fri, 15 Mar 19 23:46:11 +0000][ERROR] Category not found
[Fri, 15 Mar 19 23:46:12 +0000][ERROR] Category not found
[Fri, 15 Mar 19 23:46:24 +0000][ERROR] Category not found
[Fri, 15 Mar 19 23:46:25 +0000][ERROR] Category not found
[Fri, 15 Mar 19 23:46:47 +0000][ERROR] Category not found
[Fri, 15 Mar 19 23:46:48 +0000][ERROR] Category not found
[Fri, 15 Mar 19 23:46:48 +0000][ERROR] Category not found
[Fri, 15 Mar 19 23:46:49 +0000][ERROR] Category not found
[Fri, 15 Mar 19 23:46:49 +0000][ERROR] Category not found
[Fri, 15 Mar 19 23:46:50 +0000][ERROR] Category not found
[Fri, 15 Mar 19 23:46:50 +0000][ERROR] Category not found
[Fri, 15 Mar 19 23:46:54 +0000][ERROR] Category not found
[Fri, 15 Mar 19 23:46:54 +0000][ERROR] Category not found
[Fri, 15 Mar 19 23:46:54 +0000][ERROR] Category not found
[Fri, 15 Mar 19 23:46:55 +0000][ERROR] Category not found
[Fri, 15 Mar 19 23:46:55 +0000][ERROR] Category not found
[Fri, 15 Mar 19 23:46:56 +0000][ERROR] Category not found
[Fri, 15 Mar 19 23:46:56 +0000][ERROR] Category not found
[Fri, 15 Mar 19 23:46:56 +0000][ERROR] Category not found
[Fri, 15 Mar 19 23:46:57 +0000][ERROR] Category not found
[Fri, 15 Mar 19 23:46:57 +0000][ERROR] Category not found
[Fri, 15 Mar 19 23:46:58 +0000][ERROR] Category not found
[Fri, 15 Mar 19 23:46:58 +0000][ERROR] Category not found
[Fri, 15 Mar 19 23:46:58 +0000][ERROR] Category not found
[Fri, 15 Mar 19 23:46:59 +0000][ERROR] Category not found
[Fri, 15 Mar 19 23:46:59 +0000][ERROR] Category not found
[Fri, 15 Mar 19 23:46:59 +0000][ERROR] Category not found
[Fri, 15 Mar 19 23:47:00 +0000][ERROR] Category not found
[Fri, 15 Mar 19 23:47:00 +0000][ERROR] Category not found
[Fri, 15 Mar 19 23:47:01 +0000][ERROR] Category not found
[Fri, 15 Mar 19 23:47:01 +0000][ERROR] Category not found
[Fri, 15 Mar 19 23:47:02 +0000][ERROR] Category not found
[Fri, 15 Mar 19 23:47:02 +0000][ERROR] Category not found
[Fri, 15 Mar 19 23:47:03 +0000][ERROR] Category not found
[Fri, 15 Mar 19 23:47:03 +0000][ERROR] Category not found
[Fri, 15 Mar 19 23:47:03 +0000][ERROR] Category not found
[Fri, 15 Mar 19 23:47:04 +0000][ERROR] Category not found
[Fri, 15 Mar 19 23:47:04 +0000][ERROR] Category not found
[Fri, 15 Mar 19 23:47:04 +0000][ERROR] Category not found
[Fri, 15 Mar 19 23:47:05 +0000][ERROR] Category not found
[Fri, 15 Mar 19 23:47:05 +0000][ERROR] Category not found
[Fri, 15 Mar 19 23:47:06 +0000][ERROR] Category not found
[Fri, 15 Mar 19 23:47:06 +0000][ERROR] Category not found
[Fri, 15 Mar 19 23:47:06 +0000][ERROR] Category not found
[Fri, 15 Mar 19 23:47:07 +0000][ERROR] Category not found
[Fri, 15 Mar 19 23:47:07 +0000][ERROR] Category not found
[Fri, 15 Mar 19 23:47:08 +0000][ERROR] Category not found
[Fri, 15 Mar 19 23:47:08 +0000][ERROR] Category not found
[Fri, 15 Mar 19 23:47:08 +0000][ERROR] Category not found
[Fri, 15 Mar 19 23:47:09 +0000][ERROR] Category not found
[Fri, 15 Mar 19 23:47:09 +0000][ERROR] Category not found
[Fri, 15 Mar 19 23:47:10 +0000][ERROR] Category not found
[Fri, 15 Mar 19 23:47:10 +0000][ERROR] Category not found
[Fri, 15 Mar 19 23:47:11 +0000][ERROR] Category not found
[Fri, 15 Mar 19 23:47:11 +0000][ERROR] Category not found
[Fri, 15 Mar 19 23:47:11 +0000][ERROR] Category not found
[Fri, 15 Mar 19 23:47:12 +0000][ERROR] Category not found
[Fri, 15 Mar 19 23:47:12 +0000][ERROR] Category not found
[Fri, 15 Mar 19 23:49:40 +0000][ERROR] Category not found
[Fri, 15 Mar 19 23:49:41 +0000][ERROR] Category not found
[Fri, 15 Mar 19 23:49:41 +0000][ERROR] Category not found
[Fri, 15 Mar 19 23:49:42 +0000][ERROR] Category not found
[Fri, 15 Mar 19 23:49:43 +0000][ERROR] Category not found
[Fri, 15 Mar 19 23:49:43 +0000][ERROR] Category not found
[Fri, 15 Mar 19 23:49:52 +0000][ERROR] Category not found
[Fri, 15 Mar 19 23:49:52 +0000][ERROR] Category not found
[Fri, 15 Mar 19 23:49:53 +0000][ERROR] Category not found
[Fri, 15 Mar 19 23:49:54 +0000][ERROR] Category not found
[Fri, 15 Mar 19 23:49:54 +0000][ERROR] Category not found
[Fri, 15 Mar 19 23:49:55 +0000][ERROR] Category not found
[Fri, 15 Mar 19 23:49:56 +0000][ERROR] Category not found
[Fri, 15 Mar 19 23:49:56 +0000][ERROR] Category not found
[Fri, 15 Mar 19 23:49:57 +0000][ERROR] Category not found
[Fri, 15 Mar 19 23:50:08 +0000][ERROR] Category not found
[Fri, 15 Mar 19 23:50:09 +0000][ERROR] Category not found
[Fri, 15 Mar 19 23:50:09 +0000][ERROR] Category not found
[Fri, 15 Mar 19 23:50:10 +0000][ERROR] Category not found
[Fri, 15 Mar 19 23:50:10 +0000][ERROR] Category not found
[Fri, 15 Mar 19 23:50:11 +0000][ERROR] Category not found
[Fri, 15 Mar 19 23:50:11 +0000][ERROR] Category not found
[Fri, 15 Mar 19 23:50:12 +0000][ERROR] Category not found
[Fri, 15 Mar 19 23:50:12 +0000][ERROR] Category not found
[Fri, 15 Mar 19 23:50:13 +0000][ERROR] Category not found
[Fri, 15 Mar 19 23:50:13 +0000][ERROR] Category not found
[Fri, 15 Mar 19 23:50:14 +0000][ERROR] Category not found
[Fri, 15 Mar 19 23:50:15 +0000][ERROR] Category not found
[Fri, 15 Mar 19 23:50:15 +0000][ERROR] Category not found
[Fri, 15 Mar 19 23:50:16 +0000][ERROR] Category not found
[Fri, 15 Mar 19 23:50:53 +0000][ERROR] Category not found
[Fri, 15 Mar 19 23:51:03 +0000][ERROR] Category not found
[Fri, 15 Mar 19 23:51:06 +0000][ERROR] Category not found
[Fri, 15 Mar 19 23:51:06 +0000][ERROR] Category not found
[Sat, 16 Mar 19 09:41:25 +0000][ERROR] {"categoryName":"Category name already exists"}
[Sat, 16 Mar 19 09:41:48 +0000][ERROR] {"categoryName":"Category name already exists"}
[Sat, 16 Mar 19 09:46:03 +0000][ERROR] 
[Sat, 16 Mar 19 09:46:07 +0000][ERROR] 
[Sat, 16 Mar 19 18:27:58 +0000][ERROR] 
[Sat, 16 Mar 19 18:28:02 +0000][ERROR] 
[Sun, 17 Mar 19 18:44:50 +0000][ERROR] Category not found
[Sun, 17 Mar 19 19:52:04 +0000][ERROR] {"categoryName":"Category name already exists"}
[Sun, 17 Mar 19 21:34:12 +0000][ERROR] AUTH failed while reconnecting
[Sun, 17 Mar 19 21:34:17 +0000][ERROR] Argument 1 passed to Shop_categories\Services\Cache\Utils\CategoryCacheUtils::setArray() must be of the type array, null given, called in /var/www/html/shop_categories/app/common/services/cache/CategoryCache.php on line 110
[Sun, 17 Mar 19 21:34:21 +0000][ERROR] Argument 1 passed to Shop_categories\Services\Cache\Utils\CategoryCacheUtils::setArray() must be of the type array, null given, called in /var/www/html/shop_categories/app/common/services/cache/CategoryCache.php on line 110
[Sun, 17 Mar 19 21:41:51 +0000][ERROR] {"categoryName":"Category name already exists"}
[Sun, 17 Mar 19 21:42:38 +0000][ERROR] {"categoryName":"Category name already exists"}
[Sun, 17 Mar 19 21:56:18 +0000][ERROR] AUTH failed while reconnecting
[Sun, 17 Mar 19 21:56:22 +0000][ERROR] Argument 1 passed to Shop_categories\Services\Cache\Utils\CategoryCacheUtils::setArray() must be of the type array, null given, called in /var/www/html/shop_categories/app/common/services/cache/CategoryCache.php on line 110
[Sun, 17 Mar 19 21:57:13 +0000][ERROR] The Redis client threw an exception. See the inner exception for details.
[Sun, 17 Mar 19 21:57:17 +0000][ERROR] The Redis client threw an exception. See the inner exception for details.
[Sun, 17 Mar 19 21:57:18 +0000][ERROR] The Redis client threw an exception. See the inner exception for details.
[Sun, 17 Mar 19 21:57:40 +0000][ERROR] The Redis client threw an exception. See the inner exception for details.
[Sun, 17 Mar 19 21:57:41 +0000][ERROR] The Redis client threw an exception. See the inner exception for details.
[Sun, 17 Mar 19 21:58:24 +0000][ERROR] The Redis client threw an exception. See the inner exception for details.
[Sun, 17 Mar 19 21:58:25 +0000][ERROR] The Redis client threw an exception. See the inner exception for details.
[Sun, 17 Mar 19 21:58:25 +0000][ERROR] The Redis client threw an exception. See the inner exception for details.
[Sun, 17 Mar 19 21:58:31 +0000][ERROR] Return value of Ehann\RediSearch\Suggestion::get() must be of the type array, boolean returned
[Sun, 17 Mar 19 21:58:53 +0000][ERROR] Return value of Ehann\RediSearch\Suggestion::get() must be of the type array, boolean returned
[Sun, 17 Mar 19 21:58:54 +0000][ERROR] Return value of Ehann\RediSearch\Suggestion::get() must be of the type array, boolean returned
[Sun, 17 Mar 19 21:58:55 +0000][ERROR] Return value of Ehann\RediSearch\Suggestion::get() must be of the type array, boolean returned
[Sun, 17 Mar 19 21:58:56 +0000][ERROR] The Redis client threw an exception. See the inner exception for details.
[Sun, 17 Mar 19 21:58:57 +0000][ERROR] The Redis client threw an exception. See the inner exception for details.
[Sun, 17 Mar 19 21:59:21 +0000][ERROR] The Redis client threw an exception. See the inner exception for details.
[Sun, 17 Mar 19 21:59:22 +0000][ERROR] The Redis client threw an exception. See the inner exception for details.
[Sun, 17 Mar 19 21:59:23 +0000][ERROR] The Redis client threw an exception. See the inner exception for details.
[Sun, 17 Mar 19 22:00:32 +0000][ERROR] The Redis client threw an exception. See the inner exception for details.
[Sun, 17 Mar 19 22:00:33 +0000][ERROR] The Redis client threw an exception. See the inner exception for details.
[Sun, 17 Mar 19 22:01:33 +0000][ERROR] The Redis client threw an exception. See the inner exception for details.
[Sun, 17 Mar 19 22:02:15 +0000][ERROR] {"categoryName":"Category name already exists"}
[Sun, 17 Mar 19 22:02:31 +0000][ERROR] {"categoryParentId":"Parent category does not exist"}
[Sun, 17 Mar 19 22:02:54 +0000][ERROR] The Redis client threw an exception. See the inner exception for details.
[Sun, 17 Mar 19 22:03:21 +0000][ERROR] []
[Sun, 17 Mar 19 22:03:30 +0000][ERROR] []
[Sun, 17 Mar 19 22:06:03 +0000][ERROR] The Redis client threw an exception. See the inner exception for details.
[Sun, 17 Mar 19 22:07:02 +0000][ERROR] The Redis client threw an exception. See the inner exception for details.
[Sun, 17 Mar 19 22:07:55 +0000][ERROR] The Redis client threw an exception. See the inner exception for details.
[Sun, 17 Mar 19 22:08:32 +0000][ERROR] {"categoryName":"Category name already exists"}
[Sun, 17 Mar 19 22:08:33 +0000][ERROR] The Redis client threw an exception. See the inner exception for details.
[Sun, 17 Mar 19 22:08:45 +0000][ERROR] The Redis client threw an exception. See the inner exception for details.
[Sun, 17 Mar 19 22:09:50 +0000][ERROR] Category not found
[Sun, 17 Mar 19 22:10:29 +0000][ERROR] Category not found
[Sun, 17 Mar 19 22:12:45 +0000][ERROR] {"categoryName":"Category name already exists"}
[Fri, 22 Mar 19 09:40:48 +0000][ERROR] Class 'JsonMapper' not found
[Fri, 22 Mar 19 09:41:04 +0000][ERROR] Class 'JsonMapper' not found
[Fri, 22 Mar 19 09:41:47 +0000][ERROR] Class 'JsonMapper' not found
[Fri, 22 Mar 19 09:42:32 +0000][ERROR] Class 'JsonMapper' not found
[Fri, 22 Mar 19 09:43:05 +0000][ERROR] Class 'JsonMapper' not found
[Fri, 22 Mar 19 09:43:06 +0000][ERROR] Class 'JsonMapper' not found
[Fri, 22 Mar 19 09:44:01 +0000][ERROR] Class 'JsonMapper' not found
[Fri, 22 Mar 19 09:48:34 +0000][ERROR] Class 'JsonMapper' not found
[Fri, 22 Mar 19 09:48:35 +0000][ERROR] Class 'JsonMapper' not found
[Fri, 22 Mar 19 09:50:08 +0000][ERROR] Class 'JsonMapper' not found
[Fri, 22 Mar 19 09:53:48 +0000][ERROR] Class 'JsonMapper' not found
[Fri, 22 Mar 19 09:54:19 +0000][ERROR] Class 'JsonMapper' not found
[Fri, 22 Mar 19 09:54:20 +0000][ERROR] Class 'JsonMapper' not found
[Fri, 22 Mar 19 09:56:02 +0000][ERROR] Class 'JsonMapper' not found
[Fri, 22 Mar 19 09:57:10 +0000][ERROR] Class 'JsonMapper' not found
